[0.379s] DEBUG:colcon:Command line arguments: ['/usr/bin/colcon', 'build', '--cmake-args', '-DCMAKE_EXPORT_COMPILE_COMMANDS=ON', '-G', 'Ninja']
[0.379s] DEBUG:colcon:Parsed command line arguments: Namespace(log_base=None, log_level=None, verb_name='build', build_base='build', install_base='install', merge_install=False, symlink_install=False, test_result_base=None, continue_on_error=False, executor='parallel', parallel_workers=32, event_handlers=None, ignore_user_meta=False, metas=['./colcon.meta'], base_paths=['.'], packages_ignore=None, packages_ignore_regex=None, paths=None, packages_up_to=None, packages_up_to_regex=None, packages_above=None, packages_above_and_dependencies=None, packages_above_depth=None, packages_select_by_dep=None, packages_skip_by_dep=None, packages_skip_up_to=None, packages_select_build_failed=False, packages_skip_build_finished=False, packages_select_test_failures=False, packages_skip_test_passed=False, packages_select=None, packages_skip=None, packages_select_regex=None, packages_skip_regex=None, packages_start=None, packages_end=None, allow_overriding=[], bazel_args=None, bazel_task=None, cmake_args=['-DCMAKE_EXPORT_COMPILE_COMMANDS=ON', '-G', 'Ninja'], cmake_target=None, cmake_target_skip_unavailable=False, cmake_clean_cache=False, cmake_clean_first=False, cmake_force_configure=False, meson_args=[], ament_cmake_args=None, catkin_cmake_args=None, catkin_skip_building_tests=False, mixin_files=None, mixin=None, verb_parser=<colcon_alias.argument_parser.alias.AliasArgumentDecorator object at 0x7d3ae1c2b940>, verb_extension=<colcon_core.verb.build.BuildVerb object at 0x7d3ae1df5450>, main=<bound method BuildVerb.main of <colcon_core.verb.build.BuildVerb object at 0x7d3ae1df5450>>, mixin_verb=('build',))
[0.585s] Level 1:colcon.colcon_core.package_discovery:discover_packages(colcon_meta) check parameters
[0.585s] Level 1:colcon.colcon_core.package_discovery:discover_packages(recursive) check parameters
[0.585s] Level 1:colcon.colcon_core.package_discovery:discover_packages(ignore) check parameters
[0.586s] Level 1:colcon.colcon_core.package_discovery:discover_packages(path) check parameters
[0.586s] Level 1:colcon.colcon_core.package_discovery:discover_packages(colcon_meta) discover
[0.586s] Level 1:colcon.colcon_core.package_discovery:discover_packages(recursive) discover
[0.586s] INFO:colcon.colcon_core.package_discovery:Crawling recursively for packages in '/data'
[0.588s] Level 1:colcon.colcon_core.package_identification:_identify(.) by extensions ['ignore', 'ignore_ament_install']
[0.588s] Level 1:colcon.colcon_core.package_identification:_identify(.) by extension 'ignore'
[0.588s] Level 1:colcon.colcon_core.package_identification:_identify(.) by extension 'ignore_ament_install'
[0.589s] Level 1:colcon.colcon_core.package_identification:_identify(.) by extensions ['colcon_pkg']
[0.589s] Level 1:colcon.colcon_core.package_identification:_identify(.) by extension 'colcon_pkg'
[0.589s] Level 1:colcon.colcon_core.package_identification:_identify(.) by extensions ['colcon_meta']
[0.589s] Level 1:colcon.colcon_core.package_identification:_identify(.) by extension 'colcon_meta'
[0.589s] Level 1:colcon.colcon_core.package_identification:_identify(.) by extensions ['ros']
[0.589s] Level 1:colcon.colcon_core.package_identification:_identify(.) by extension 'ros'
[0.594s] Level 1:colcon.colcon_core.package_identification:_identify(.) by extensions ['bazel', 'cmake', 'meson', 'python']
[0.594s] Level 1:colcon.colcon_core.package_identification:_identify(.) by extension 'bazel'
[0.595s] Level 1:colcon.colcon_core.package_identification:_identify(.) by extension 'cmake'
[0.595s] Level 1:colcon.colcon_core.package_identification:_identify(.) by extension 'meson'
[0.596s] Level 1:colcon.colcon_core.package_identification:_identify(.) by extension 'python'
[0.597s] Level 1:colcon.colcon_core.package_identification:_identify(.) by extensions ['python_setup_py']
[0.597s] Level 1:colcon.colcon_core.package_identification:_identify(.) by extension 'python_setup_py'
[0.598s] Level 1:colcon.colcon_core.package_identification:_identify(build) by extensions ['ignore', 'ignore_ament_install']
[0.598s] Level 1:colcon.colcon_core.package_identification:_identify(build) by extension 'ignore'
[0.599s] Level 1:colcon.colcon_core.package_identification:_identify(build) ignored
[0.600s] Level 1:colcon.colcon_core.package_identification:_identify(install) by extensions ['ignore', 'ignore_ament_install']
[0.600s] Level 1:colcon.colcon_core.package_identification:_identify(install) by extension 'ignore'
[0.601s] Level 1:colcon.colcon_core.package_identification:_identify(install) ignored
[0.602s] Level 1:colcon.colcon_core.package_identification:_identify(log) by extensions ['ignore', 'ignore_ament_install']
[0.602s] Level 1:colcon.colcon_core.package_identification:_identify(log) by extension 'ignore'
[0.602s] Level 1:colcon.colcon_core.package_identification:_identify(log) ignored
[0.604s] Level 1:colcon.colcon_core.package_identification:_identify(qt_image_text_transfer) by extensions ['ignore', 'ignore_ament_install']
[0.604s] Level 1:colcon.colcon_core.package_identification:_identify(qt_image_text_transfer) by extension 'ignore'
[0.604s] Level 1:colcon.colcon_core.package_identification:_identify(qt_image_text_transfer) by extension 'ignore_ament_install'
[0.605s] Level 1:colcon.colcon_core.package_identification:_identify(qt_image_text_transfer) by extensions ['colcon_pkg']
[0.605s] Level 1:colcon.colcon_core.package_identification:_identify(qt_image_text_transfer) by extension 'colcon_pkg'
[0.606s] Level 1:colcon.colcon_core.package_identification:_identify(qt_image_text_transfer) by extensions ['colcon_meta']
[0.606s] Level 1:colcon.colcon_core.package_identification:_identify(qt_image_text_transfer) by extension 'colcon_meta'
[0.606s] Level 1:colcon.colcon_core.package_identification:_identify(qt_image_text_transfer) by extensions ['ros']
[0.607s] Level 1:colcon.colcon_core.package_identification:_identify(qt_image_text_transfer) by extension 'ros'
[0.613s] DEBUG:colcon.colcon_core.package_identification:Package 'qt_image_text_transfer' with type 'ros.ament_cmake' and name 'qt_image_text_transfer'
[0.613s] Level 1:colcon.colcon_core.package_discovery:discover_packages(recursive) using defaults
[0.613s] Level 1:colcon.colcon_core.package_discovery:discover_packages(ignore) discover
[0.613s] Level 1:colcon.colcon_core.package_discovery:discover_packages(ignore) using defaults
[0.613s] Level 1:colcon.colcon_core.package_discovery:discover_packages(path) discover
[0.614s] Level 1:colcon.colcon_core.package_discovery:discover_packages(path) using defaults
[0.635s] Level 1:colcon.colcon_core.package_discovery:discover_packages(prefix_path) check parameters
[0.636s] Level 1:colcon.colcon_core.package_discovery:discover_packages(prefix_path) discover
[0.640s] DEBUG:colcon.colcon_installed_package_information.package_discovery:Found 319 installed packages in /opt/ros/humble
[0.641s] Level 1:colcon.colcon_core.package_discovery:discover_packages(prefix_path) using defaults
[0.700s] Level 5:colcon.colcon_core.verb:set package 'qt_image_text_transfer' build argument 'bazel_args' from command line to 'None'
[0.700s] Level 5:colcon.colcon_core.verb:set package 'qt_image_text_transfer' build argument 'bazel_task' from command line to 'None'
[0.700s] Level 5:colcon.colcon_core.verb:set package 'qt_image_text_transfer' build argument 'cmake_args' from command line to '['-DCMAKE_EXPORT_COMPILE_COMMANDS=ON', '-G', 'Ninja']'
[0.700s] Level 5:colcon.colcon_core.verb:set package 'qt_image_text_transfer' build argument 'cmake_target' from command line to 'None'
[0.701s] Level 5:colcon.colcon_core.verb:set package 'qt_image_text_transfer' build argument 'cmake_target_skip_unavailable' from command line to 'False'
[0.701s] Level 5:colcon.colcon_core.verb:set package 'qt_image_text_transfer' build argument 'cmake_clean_cache' from command line to 'False'
[0.701s] Level 5:colcon.colcon_core.verb:set package 'qt_image_text_transfer' build argument 'cmake_clean_first' from command line to 'False'
[0.701s] Level 5:colcon.colcon_core.verb:set package 'qt_image_text_transfer' build argument 'cmake_force_configure' from command line to 'False'
[0.701s] Level 5:colcon.colcon_core.verb:set package 'qt_image_text_transfer' build argument 'meson_args' from command line to '[]'
[0.702s] Level 5:colcon.colcon_core.verb:set package 'qt_image_text_transfer' build argument 'ament_cmake_args' from command line to 'None'
[0.702s] Level 5:colcon.colcon_core.verb:set package 'qt_image_text_transfer' build argument 'catkin_cmake_args' from command line to 'None'
[0.702s] Level 5:colcon.colcon_core.verb:set package 'qt_image_text_transfer' build argument 'catkin_skip_building_tests' from command line to 'False'
[0.702s] DEBUG:colcon.colcon_core.verb:Building package 'qt_image_text_transfer' with the following arguments: {'ament_cmake_args': None, 'bazel_args': None, 'bazel_task': None, 'build_base': '/data/build/qt_image_text_transfer', 'catkin_cmake_args': None, 'catkin_skip_building_tests': False, 'cmake_args': ['-DCMAKE_EXPORT_COMPILE_COMMANDS=ON', '-G', 'Ninja'], 'cmake_clean_cache': False, 'cmake_clean_first': False, 'cmake_force_configure': False, 'cmake_target': None, 'cmake_target_skip_unavailable': False, 'install_base': '/data/install/qt_image_text_transfer', 'merge_install': False, 'meson_args': [], 'path': '/data/qt_image_text_transfer', 'symlink_install': False, 'test_result_base': None}
[0.702s] INFO:colcon.colcon_core.executor:Executing jobs using 'parallel' executor
[0.703s] DEBUG:colcon.colcon_parallel_executor.executor.parallel:run_until_complete
[0.703s] INFO:colcon.colcon_ros.task.ament_cmake.build:Building ROS package in '/data/qt_image_text_transfer' with build type 'ament_cmake'
[0.703s] INFO:colcon.colcon_cmake.task.cmake.build:Building CMake package in '/data/qt_image_text_transfer'
[0.707s] INFO:colcon.colcon_core.plugin_system:Skipping extension 'colcon_core.shell.bat': Not used on non-Windows systems
[0.713s] DEBUG:colcon.colcon_ros_domain_id_coordinator.shell.ros_domain_id:Allocated ROS_DOMAIN_ID=223 for '/data/build/qt_image_text_transfer'
[0.721s] INFO:colcon.colcon_core.shell:Skip shell extension 'ros_domain_id' for command environment: 
[0.721s] INFO:colcon.colcon_core.shell:Skip shell extension 'powershell' for command environment: Not usable outside of PowerShell
[0.721s] DEBUG:colcon.colcon_core.shell:Skip shell extension 'dsv' for command environment
[0.761s] DEBUG:colcon.colcon_core.event_handler.log_command:Invoking command in '/data/build/qt_image_text_transfer': CMAKE_PREFIX_PATH=/opt/ros/humble /usr/bin/cmake --build /data/build/qt_image_text_transfer -- -j32 -l32
[5.665s] DEBUG:colcon.colcon_core.event_handler.log_command:Invoked command in '/data/build/qt_image_text_transfer' returned '1': CMAKE_PREFIX_PATH=/opt/ros/humble /usr/bin/cmake --build /data/build/qt_image_text_transfer -- -j32 -l32
[5.677s] Level 1:colcon.colcon_core.environment:create_environment_scripts_only(qt_image_text_transfer)
[5.682s] Level 1:colcon.colcon_core.environment:checking '/data/install/qt_image_text_transfer' for CMake module files
[5.714s] Level 1:colcon.colcon_core.environment:checking '/data/install/qt_image_text_transfer' for CMake config files
[5.733s] Level 1:colcon.colcon_core.environment:checking '/data/install/qt_image_text_transfer/bin'
[5.734s] Level 1:colcon.colcon_core.environment:checking '/data/install/qt_image_text_transfer/lib/pkgconfig/qt_image_text_transfer.pc'
[5.735s] Level 1:colcon.colcon_core.environment:checking '/data/install/qt_image_text_transfer/lib/python3.10/site-packages'
[5.736s] Level 1:colcon.colcon_core.environment:checking '/data/install/qt_image_text_transfer/bin'
[5.737s] INFO:colcon.colcon_core.shell:Creating package script '/data/install/qt_image_text_transfer/share/qt_image_text_transfer/package.ps1'
[5.746s] INFO:colcon.colcon_core.shell:Creating package descriptor '/data/install/qt_image_text_transfer/share/qt_image_text_transfer/package.dsv'
[5.756s] INFO:colcon.colcon_core.shell:Creating package script '/data/install/qt_image_text_transfer/share/qt_image_text_transfer/package.sh'
[5.766s] INFO:colcon.colcon_core.shell:Creating package script '/data/install/qt_image_text_transfer/share/qt_image_text_transfer/package.bash'
[5.817s] INFO:colcon.colcon_core.shell:Creating package script '/data/install/qt_image_text_transfer/share/qt_image_text_transfer/package.zsh'
[5.827s] Level 1:colcon.colcon_core.environment:create_file_with_runtime_dependencies(/data/install/qt_image_text_transfer/share/colcon-core/packages/qt_image_text_transfer)
[5.835s] DEBUG:colcon.colcon_ros_domain_id_coordinator.shell.ros_domain_id:Released ROS_DOMAIN_ID=223 for '/data/build/qt_image_text_transfer'
[5.845s] DEBUG:colcon.colcon_parallel_executor.executor.parallel:closing loop
[5.845s] DEBUG:colcon.colcon_parallel_executor.executor.parallel:loop closed
[5.845s] DEBUG:colcon.colcon_parallel_executor.executor.parallel:run_until_complete finished with '1'
[5.845s] DEBUG:colcon.colcon_core.event_reactor:joining thread
[5.860s] INFO:colcon.colcon_core.plugin_system:Skipping extension 'colcon_notification.desktop_notification.notify_send': Could not find 'notify-send'
[5.860s] INFO:colcon.colcon_core.plugin_system:Skipping extension 'colcon_notification.desktop_notification.terminal_notifier': Not used on non-Darwin systems
[5.861s] INFO:colcon.colcon_core.plugin_system:Skipping extension 'colcon_notification.desktop_notification.win32': Not used on non-Windows systems
[5.861s] INFO:colcon.colcon_notification.desktop_notification:Sending desktop notification using 'notify2'
[5.863s] DEBUG:colcon.colcon_notification.desktop_notification.notify2:Failed to initialize notify2: org.freedesktop.DBus.Error.Spawn.ExecFailed: /usr/bin/dbus-launch terminated abnormally without any error message
[5.864s] DEBUG:colcon.colcon_core.event_reactor:joined thread
[5.864s] INFO:colcon.colcon_core.shell:Creating prefix script '/data/install/local_setup.ps1'
[5.870s] INFO:colcon.colcon_core.shell:Creating prefix util module '/data/install/_local_setup_util_ps1.py'
[5.875s] INFO:colcon.colcon_core.shell:Creating prefix chain script '/data/install/setup.ps1'
[5.880s] INFO:colcon.colcon_core.shell:Creating prefix script '/data/install/local_setup.sh'
[5.884s] INFO:colcon.colcon_core.shell:Creating prefix util module '/data/install/_local_setup_util_sh.py'
[5.888s] INFO:colcon.colcon_core.shell:Creating prefix chain script '/data/install/setup.sh'
[5.892s] INFO:colcon.colcon_core.shell:Creating prefix script '/data/install/local_setup.bash'
[5.895s] INFO:colcon.colcon_core.shell:Creating prefix chain script '/data/install/setup.bash'
[5.899s] INFO:colcon.colcon_core.shell:Creating prefix script '/data/install/local_setup.zsh'
[5.903s] INFO:colcon.colcon_core.shell:Creating prefix chain script '/data/install/setup.zsh'
[5.908s] INFO:colcon.colcon_core.shell:Creating '/data/install/spawn_shell.bash'
