[0.316s] DEBUG:colcon:Command line arguments: ['/usr/bin/colcon', 'build', '--cmake-args', '-DCMAKE_EXPORT_COMPILE_COMMANDS=ON', '-G', 'Ninja']
[0.316s] DEBUG:colcon:Parsed command line arguments: Namespace(log_base=None, log_level=None, verb_name='build', build_base='build', install_base='install', merge_install=False, symlink_install=False, test_result_base=None, continue_on_error=False, executor='parallel', parallel_workers=32, event_handlers=None, ignore_user_meta=False, metas=['./colcon.meta'], base_paths=['.'], packages_ignore=None, packages_ignore_regex=None, paths=None, packages_up_to=None, packages_up_to_regex=None, packages_above=None, packages_above_and_dependencies=None, packages_above_depth=None, packages_select_by_dep=None, packages_skip_by_dep=None, packages_skip_up_to=None, packages_select_build_failed=False, packages_skip_build_finished=False, packages_select_test_failures=False, packages_skip_test_passed=False, packages_select=None, packages_skip=None, packages_select_regex=None, packages_skip_regex=None, packages_start=None, packages_end=None, allow_overriding=[], bazel_args=None, bazel_task=None, cmake_args=['-DCMAKE_EXPORT_COMPILE_COMMANDS=ON', '-G', 'Ninja'], cmake_target=None, cmake_target_skip_unavailable=False, cmake_clean_cache=False, cmake_clean_first=False, cmake_force_configure=False, meson_args=[], ament_cmake_args=None, catkin_cmake_args=None, catkin_skip_building_tests=False, mixin_files=None, mixin=None, verb_parser=<colcon_alias.argument_parser.alias.AliasArgumentDecorator object at 0x76778af8b7c0>, verb_extension=<colcon_core.verb.build.BuildVerb object at 0x76778b159270>, main=<bound method BuildVerb.main of <colcon_core.verb.build.BuildVerb object at 0x76778b159270>>, mixin_verb=('build',))
[0.488s] Level 1:colcon.colcon_core.package_discovery:discover_packages(colcon_meta) check parameters
[0.489s] Level 1:colcon.colcon_core.package_discovery:discover_packages(recursive) check parameters
[0.489s] Level 1:colcon.colcon_core.package_discovery:discover_packages(ignore) check parameters
[0.489s] Level 1:colcon.colcon_core.package_discovery:discover_packages(path) check parameters
[0.489s] Level 1:colcon.colcon_core.package_discovery:discover_packages(colcon_meta) discover
[0.489s] Level 1:colcon.colcon_core.package_discovery:discover_packages(recursive) discover
[0.489s] INFO:colcon.colcon_core.package_discovery:Crawling recursively for packages in '/data'
[0.490s] Level 1:colcon.colcon_core.package_identification:_identify(.) by extensions ['ignore', 'ignore_ament_install']
[0.490s] Level 1:colcon.colcon_core.package_identification:_identify(.) by extension 'ignore'
[0.490s] Level 1:colcon.colcon_core.package_identification:_identify(.) by extension 'ignore_ament_install'
[0.491s] Level 1:colcon.colcon_core.package_identification:_identify(.) by extensions ['colcon_pkg']
[0.491s] Level 1:colcon.colcon_core.package_identification:_identify(.) by extension 'colcon_pkg'
[0.491s] Level 1:colcon.colcon_core.package_identification:_identify(.) by extensions ['colcon_meta']
[0.491s] Level 1:colcon.colcon_core.package_identification:_identify(.) by extension 'colcon_meta'
[0.491s] Level 1:colcon.colcon_core.package_identification:_identify(.) by extensions ['ros']
[0.491s] Level 1:colcon.colcon_core.package_identification:_identify(.) by extension 'ros'
[0.496s] Level 1:colcon.colcon_core.package_identification:_identify(.) by extensions ['bazel', 'cmake', 'meson', 'python']
[0.496s] Level 1:colcon.colcon_core.package_identification:_identify(.) by extension 'bazel'
[0.497s] Level 1:colcon.colcon_core.package_identification:_identify(.) by extension 'cmake'
[0.497s] Level 1:colcon.colcon_core.package_identification:_identify(.) by extension 'meson'
[0.498s] Level 1:colcon.colcon_core.package_identification:_identify(.) by extension 'python'
[0.499s] Level 1:colcon.colcon_core.package_identification:_identify(.) by extensions ['python_setup_py']
[0.499s] Level 1:colcon.colcon_core.package_identification:_identify(.) by extension 'python_setup_py'
[0.500s] Level 1:colcon.colcon_core.package_identification:_identify(build) by extensions ['ignore', 'ignore_ament_install']
[0.500s] Level 1:colcon.colcon_core.package_identification:_identify(build) by extension 'ignore'
[0.501s] Level 1:colcon.colcon_core.package_identification:_identify(build) ignored
[0.504s] Level 1:colcon.colcon_core.package_identification:_identify(install) by extensions ['ignore', 'ignore_ament_install']
[0.504s] Level 1:colcon.colcon_core.package_identification:_identify(install) by extension 'ignore'
[0.505s] Level 1:colcon.colcon_core.package_identification:_identify(install) ignored
[0.506s] Level 1:colcon.colcon_core.package_identification:_identify(log) by extensions ['ignore', 'ignore_ament_install']
[0.506s] Level 1:colcon.colcon_core.package_identification:_identify(log) by extension 'ignore'
[0.506s] Level 1:colcon.colcon_core.package_identification:_identify(log) ignored
[0.507s] Level 1:colcon.colcon_core.package_identification:_identify(qt_image_text_transfer) by extensions ['ignore', 'ignore_ament_install']
[0.507s] Level 1:colcon.colcon_core.package_identification:_identify(qt_image_text_transfer) by extension 'ignore'
[0.508s] Level 1:colcon.colcon_core.package_identification:_identify(qt_image_text_transfer) by extension 'ignore_ament_install'
[0.509s] Level 1:colcon.colcon_core.package_identification:_identify(qt_image_text_transfer) by extensions ['colcon_pkg']
[0.509s] Level 1:colcon.colcon_core.package_identification:_identify(qt_image_text_transfer) by extension 'colcon_pkg'
[0.509s] Level 1:colcon.colcon_core.package_identification:_identify(qt_image_text_transfer) by extensions ['colcon_meta']
[0.509s] Level 1:colcon.colcon_core.package_identification:_identify(qt_image_text_transfer) by extension 'colcon_meta'
[0.510s] Level 1:colcon.colcon_core.package_identification:_identify(qt_image_text_transfer) by extensions ['ros']
[0.510s] Level 1:colcon.colcon_core.package_identification:_identify(qt_image_text_transfer) by extension 'ros'
[0.517s] DEBUG:colcon.colcon_core.package_identification:Package 'qt_image_text_transfer' with type 'ros.ament_cmake' and name 'qt_image_text_transfer'
[0.517s] Level 1:colcon.colcon_core.package_discovery:discover_packages(recursive) using defaults
[0.517s] Level 1:colcon.colcon_core.package_discovery:discover_packages(ignore) discover
[0.517s] Level 1:colcon.colcon_core.package_discovery:discover_packages(ignore) using defaults
[0.517s] Level 1:colcon.colcon_core.package_discovery:discover_packages(path) discover
[0.517s] Level 1:colcon.colcon_core.package_discovery:discover_packages(path) using defaults
[0.536s] Level 1:colcon.colcon_core.package_discovery:discover_packages(prefix_path) check parameters
[0.536s] Level 1:colcon.colcon_core.package_discovery:discover_packages(prefix_path) discover
[0.562s] DEBUG:colcon.colcon_installed_package_information.package_discovery:Found 1 installed packages in /data/install
[0.564s] DEBUG:colcon.colcon_installed_package_information.package_discovery:Found 319 installed packages in /opt/ros/humble
[0.565s] Level 1:colcon.colcon_core.package_discovery:discover_packages(prefix_path) using defaults
[0.626s] Level 5:colcon.colcon_core.verb:set package 'qt_image_text_transfer' build argument 'bazel_args' from command line to 'None'
[0.626s] Level 5:colcon.colcon_core.verb:set package 'qt_image_text_transfer' build argument 'bazel_task' from command line to 'None'
[0.626s] Level 5:colcon.colcon_core.verb:set package 'qt_image_text_transfer' build argument 'cmake_args' from command line to '['-DCMAKE_EXPORT_COMPILE_COMMANDS=ON', '-G', 'Ninja']'
[0.626s] Level 5:colcon.colcon_core.verb:set package 'qt_image_text_transfer' build argument 'cmake_target' from command line to 'None'
[0.626s] Level 5:colcon.colcon_core.verb:set package 'qt_image_text_transfer' build argument 'cmake_target_skip_unavailable' from command line to 'False'
[0.627s] Level 5:colcon.colcon_core.verb:set package 'qt_image_text_transfer' build argument 'cmake_clean_cache' from command line to 'False'
[0.627s] Level 5:colcon.colcon_core.verb:set package 'qt_image_text_transfer' build argument 'cmake_clean_first' from command line to 'False'
[0.627s] Level 5:colcon.colcon_core.verb:set package 'qt_image_text_transfer' build argument 'cmake_force_configure' from command line to 'False'
[0.627s] Level 5:colcon.colcon_core.verb:set package 'qt_image_text_transfer' build argument 'meson_args' from command line to '[]'
[0.627s] Level 5:colcon.colcon_core.verb:set package 'qt_image_text_transfer' build argument 'ament_cmake_args' from command line to 'None'
[0.628s] Level 5:colcon.colcon_core.verb:set package 'qt_image_text_transfer' build argument 'catkin_cmake_args' from command line to 'None'
[0.628s] Level 5:colcon.colcon_core.verb:set package 'qt_image_text_transfer' build argument 'catkin_skip_building_tests' from command line to 'False'
[0.628s] DEBUG:colcon.colcon_core.verb:Building package 'qt_image_text_transfer' with the following arguments: {'ament_cmake_args': None, 'bazel_args': None, 'bazel_task': None, 'build_base': '/data/build/qt_image_text_transfer', 'catkin_cmake_args': None, 'catkin_skip_building_tests': False, 'cmake_args': ['-DCMAKE_EXPORT_COMPILE_COMMANDS=ON', '-G', 'Ninja'], 'cmake_clean_cache': False, 'cmake_clean_first': False, 'cmake_force_configure': False, 'cmake_target': None, 'cmake_target_skip_unavailable': False, 'install_base': '/data/install/qt_image_text_transfer', 'merge_install': False, 'meson_args': [], 'path': '/data/qt_image_text_transfer', 'symlink_install': False, 'test_result_base': None}
[0.628s] INFO:colcon.colcon_core.executor:Executing jobs using 'parallel' executor
[0.629s] DEBUG:colcon.colcon_parallel_executor.executor.parallel:run_until_complete
[0.629s] INFO:colcon.colcon_ros.task.ament_cmake.build:Building ROS package in '/data/qt_image_text_transfer' with build type 'ament_cmake'
[0.629s] INFO:colcon.colcon_cmake.task.cmake.build:Building CMake package in '/data/qt_image_text_transfer'
[0.634s] INFO:colcon.colcon_core.plugin_system:Skipping extension 'colcon_core.shell.bat': Not used on non-Windows systems
[0.634s] DEBUG:colcon.colcon_ros_domain_id_coordinator.shell.ros_domain_id:Allocated ROS_DOMAIN_ID=72 for '/data/build/qt_image_text_transfer'
[0.634s] INFO:colcon.colcon_core.shell:Skip shell extension 'ros_domain_id' for command environment: 
[0.634s] INFO:colcon.colcon_core.shell:Skip shell extension 'powershell' for command environment: Not usable outside of PowerShell
[0.635s] DEBUG:colcon.colcon_core.shell:Skip shell extension 'dsv' for command environment
[0.708s] DEBUG:colcon.colcon_core.event_handler.log_command:Invoking command in '/data/build/qt_image_text_transfer': CMAKE_PREFIX_PATH=${CMAKE_PREFIX_PATH}:/opt/ros/humble /usr/bin/cmake --build /data/build/qt_image_text_transfer -- -j32 -l32
[10.724s] DEBUG:colcon.colcon_core.event_handler.log_command:Invoked command in '/data/build/qt_image_text_transfer' returned '0': CMAKE_PREFIX_PATH=${CMAKE_PREFIX_PATH}:/opt/ros/humble /usr/bin/cmake --build /data/build/qt_image_text_transfer -- -j32 -l32
[10.741s] DEBUG:colcon.colcon_core.event_handler.log_command:Invoking command in '/data/build/qt_image_text_transfer': CMAKE_PREFIX_PATH=${CMAKE_PREFIX_PATH}:/opt/ros/humble /usr/bin/cmake --install /data/build/qt_image_text_transfer
[11.423s] Level 1:colcon.colcon_core.environment:create_environment_scripts_only(qt_image_text_transfer)
[11.424s] DEBUG:colcon.colcon_core.event_handler.log_command:Invoked command in '/data/build/qt_image_text_transfer' returned '0': CMAKE_PREFIX_PATH=${CMAKE_PREFIX_PATH}:/opt/ros/humble /usr/bin/cmake --install /data/build/qt_image_text_transfer
[11.437s] Level 1:colcon.colcon_core.environment:checking '/data/install/qt_image_text_transfer' for CMake module files
[11.519s] Level 1:colcon.colcon_core.environment:checking '/data/install/qt_image_text_transfer' for CMake config files
[11.543s] Level 1:colcon.colcon_core.shell:create_environment_hook('qt_image_text_transfer', 'cmake_prefix_path')
[11.543s] INFO:colcon.colcon_core.shell:Creating environment hook '/data/install/qt_image_text_transfer/share/qt_image_text_transfer/hook/cmake_prefix_path.ps1'
[11.553s] INFO:colcon.colcon_core.shell:Creating environment descriptor '/data/install/qt_image_text_transfer/share/qt_image_text_transfer/hook/cmake_prefix_path.dsv'
[11.561s] INFO:colcon.colcon_core.shell:Creating environment hook '/data/install/qt_image_text_transfer/share/qt_image_text_transfer/hook/cmake_prefix_path.sh'
[11.579s] Level 1:colcon.colcon_core.environment:checking '/data/install/qt_image_text_transfer/lib'
[11.582s] Level 1:colcon.colcon_core.environment:checking '/data/install/qt_image_text_transfer/bin'
[11.586s] Level 1:colcon.colcon_core.environment:checking '/data/install/qt_image_text_transfer/lib/pkgconfig/qt_image_text_transfer.pc'
[11.589s] Level 1:colcon.colcon_core.environment:checking '/data/install/qt_image_text_transfer/lib/python3.10/site-packages'
[11.602s] Level 1:colcon.colcon_core.environment:checking '/data/install/qt_image_text_transfer/bin'
[11.603s] INFO:colcon.colcon_core.shell:Creating package script '/data/install/qt_image_text_transfer/share/qt_image_text_transfer/package.ps1'
[11.611s] INFO:colcon.colcon_core.shell:Creating package descriptor '/data/install/qt_image_text_transfer/share/qt_image_text_transfer/package.dsv'
[11.618s] INFO:colcon.colcon_core.shell:Creating package script '/data/install/qt_image_text_transfer/share/qt_image_text_transfer/package.sh'
[11.624s] INFO:colcon.colcon_core.shell:Creating package script '/data/install/qt_image_text_transfer/share/qt_image_text_transfer/package.bash'
[11.634s] INFO:colcon.colcon_core.shell:Creating package script '/data/install/qt_image_text_transfer/share/qt_image_text_transfer/package.zsh'
[11.641s] Level 1:colcon.colcon_core.environment:create_file_with_runtime_dependencies(/data/install/qt_image_text_transfer/share/colcon-core/packages/qt_image_text_transfer)
[11.657s] Level 1:colcon.colcon_core.environment:create_environment_scripts_only(qt_image_text_transfer)
[11.657s] Level 1:colcon.colcon_core.environment:checking '/data/install/qt_image_text_transfer' for CMake module files
[11.749s] Level 1:colcon.colcon_core.environment:checking '/data/install/qt_image_text_transfer' for CMake config files
[11.794s] Level 1:colcon.colcon_core.shell:create_environment_hook('qt_image_text_transfer', 'cmake_prefix_path')
[11.795s] INFO:colcon.colcon_core.shell:Creating environment hook '/data/install/qt_image_text_transfer/share/qt_image_text_transfer/hook/cmake_prefix_path.ps1'
[11.814s] INFO:colcon.colcon_core.shell:Creating environment descriptor '/data/install/qt_image_text_transfer/share/qt_image_text_transfer/hook/cmake_prefix_path.dsv'
[11.828s] INFO:colcon.colcon_core.shell:Creating environment hook '/data/install/qt_image_text_transfer/share/qt_image_text_transfer/hook/cmake_prefix_path.sh'
[11.927s] Level 1:colcon.colcon_core.environment:checking '/data/install/qt_image_text_transfer/lib'
[11.932s] Level 1:colcon.colcon_core.environment:checking '/data/install/qt_image_text_transfer/bin'
[11.933s] Level 1:colcon.colcon_core.environment:checking '/data/install/qt_image_text_transfer/lib/pkgconfig/qt_image_text_transfer.pc'
[11.934s] Level 1:colcon.colcon_core.environment:checking '/data/install/qt_image_text_transfer/lib/python3.10/site-packages'
[11.935s] Level 1:colcon.colcon_core.environment:checking '/data/install/qt_image_text_transfer/bin'
[11.936s] INFO:colcon.colcon_core.shell:Creating package script '/data/install/qt_image_text_transfer/share/qt_image_text_transfer/package.ps1'
[11.943s] INFO:colcon.colcon_core.shell:Creating package descriptor '/data/install/qt_image_text_transfer/share/qt_image_text_transfer/package.dsv'
[11.980s] INFO:colcon.colcon_core.shell:Creating package script '/data/install/qt_image_text_transfer/share/qt_image_text_transfer/package.sh'
[12.000s] INFO:colcon.colcon_core.shell:Creating package script '/data/install/qt_image_text_transfer/share/qt_image_text_transfer/package.bash'
[12.014s] INFO:colcon.colcon_core.shell:Creating package script '/data/install/qt_image_text_transfer/share/qt_image_text_transfer/package.zsh'
[12.024s] Level 1:colcon.colcon_core.environment:create_file_with_runtime_dependencies(/data/install/qt_image_text_transfer/share/colcon-core/packages/qt_image_text_transfer)
[12.032s] DEBUG:colcon.colcon_parallel_executor.executor.parallel:closing loop
[12.032s] DEBUG:colcon.colcon_ros_domain_id_coordinator.shell.ros_domain_id:Released ROS_DOMAIN_ID=72 for '/data/build/qt_image_text_transfer'
[12.032s] DEBUG:colcon.colcon_parallel_executor.executor.parallel:loop closed
[12.033s] DEBUG:colcon.colcon_parallel_executor.executor.parallel:run_until_complete finished with '0'
[12.033s] DEBUG:colcon.colcon_core.event_reactor:joining thread
[12.055s] INFO:colcon.colcon_core.plugin_system:Skipping extension 'colcon_notification.desktop_notification.notify_send': Could not find 'notify-send'
[12.056s] INFO:colcon.colcon_core.plugin_system:Skipping extension 'colcon_notification.desktop_notification.terminal_notifier': Not used on non-Darwin systems
[12.056s] INFO:colcon.colcon_core.plugin_system:Skipping extension 'colcon_notification.desktop_notification.win32': Not used on non-Windows systems
[12.057s] INFO:colcon.colcon_notification.desktop_notification:Sending desktop notification using 'notify2'
[12.059s] DEBUG:colcon.colcon_notification.desktop_notification.notify2:Failed to initialize notify2: org.freedesktop.DBus.Error.Spawn.ExecFailed: /usr/bin/dbus-launch terminated abnormally without any error message
[12.059s] DEBUG:colcon.colcon_core.event_reactor:joined thread
[12.060s] INFO:colcon.colcon_core.shell:Creating prefix script '/data/install/local_setup.ps1'
[12.065s] INFO:colcon.colcon_core.shell:Creating prefix util module '/data/install/_local_setup_util_ps1.py'
[12.085s] INFO:colcon.colcon_core.shell:Creating prefix chain script '/data/install/setup.ps1'
[12.171s] INFO:colcon.colcon_core.shell:Creating prefix script '/data/install/local_setup.sh'
[12.190s] INFO:colcon.colcon_core.shell:Creating prefix util module '/data/install/_local_setup_util_sh.py'
[12.202s] INFO:colcon.colcon_core.shell:Creating prefix chain script '/data/install/setup.sh'
[12.221s] INFO:colcon.colcon_core.shell:Creating prefix script '/data/install/local_setup.bash'
[12.236s] INFO:colcon.colcon_core.shell:Creating prefix chain script '/data/install/setup.bash'
[12.353s] INFO:colcon.colcon_core.shell:Creating prefix script '/data/install/local_setup.zsh'
[12.374s] INFO:colcon.colcon_core.shell:Creating prefix chain script '/data/install/setup.zsh'
[12.474s] INFO:colcon.colcon_core.shell:Creating '/data/install/spawn_shell.bash'
