[0.048s] Invoking command in '/data/build/qt_image_text_transfer': CMAKE_PREFIX_PATH=/opt/ros/humble /usr/bin/cmake --build /data/build/qt_image_text_transfer -- -j32 -l32
[0.095s] [0/1] Re-running CMake...
[0.140s] -- Found ament_cmake: 1.3.12 (/opt/ros/humble/share/ament_cmake/cmake)
[0.245s] -- Found rclcpp: 16.0.16 (/opt/ros/humble/share/rclcpp/cmake)
[0.277s] -- Found rosidl_generator_c: 3.1.7 (/opt/ros/humble/share/rosidl_generator_c/cmake)
[0.279s] -- Found rosidl_adapter: 3.1.7 (/opt/ros/humble/share/rosidl_adapter/cmake)
[0.285s] -- Found rosidl_generator_cpp: 3.1.7 (/opt/ros/humble/share/rosidl_generator_cpp/cmake)
[0.296s] -- Using all available rosidl_typesupport_c: rosidl_typesupport_fastrtps_c;rosidl_typesupport_introspection_c
[0.308s] -- Using all available rosidl_typesupport_cpp: rosidl_typesupport_fastrtps_cpp;rosidl_typesupport_introspection_cpp
[0.339s] -- Found rmw_implementation_cmake: 6.1.2 (/opt/ros/humble/share/rmw_implementation_cmake/cmake)
[0.343s] -- Found rmw_fastrtps_cpp: 6.2.9 (/opt/ros/humble/share/rmw_fastrtps_cpp/cmake)
[0.566s] -- Using RMW implementation 'rmw_fastrtps_cpp' as default
[0.606s] -- Found sensor_msgs: 4.9.0 (/opt/ros/humble/share/sensor_msgs/cmake)
[0.629s] -- Found cv_bridge: 3.2.1 (/opt/ros/humble/share/cv_bridge/cmake)
[0.653s] -- Found ament_lint_auto: 0.12.14 (/opt/ros/humble/share/ament_lint_auto/cmake)
[0.807s] -- Added test 'copyright' to check source files copyright and LICENSE
[1.098s] -- Added test 'cppcheck' to perform static code analysis on C / C++ code
[1.098s] -- Configured cppcheck include dirs: /data/qt_image_text_transfer/include
[1.098s] -- Configured cppcheck exclude dirs and/or files: 
[1.371s] -- Added test 'cpplint' to check C / C++ code against the Google style
[1.371s] -- Configured cpplint exclude dirs and/or files: 
[1.405s] -- Added test 'flake8' to check Python code syntax and style conventions
[1.501s] -- Added test 'lint_cmake' to check CMake code style
[1.532s] -- Added test 'pep257' to check Python code against some of the docstring style conventions in PEP 257
[1.788s] -- Added test 'uncrustify' to check C / C++ code style
[1.789s] -- Configured uncrustify additional arguments: 
[1.898s] -- Added test 'xmllint' to check XML markup files
[1.933s] -- Configuring done
[2.228s] -- Generating done
[2.325s] -- Build files have been written to: /data/build/qt_image_text_transfer
[2.839s] [1/3] Automatic MOC and UIC for target qt_image_text_transfer
[5.052s] [2/3] Building CXX object CMakeFiles/qt_image_text_transfer.dir/qt_image_text_transfer_autogen/mocs_compilation.cpp.o
[9.744s] [3/3] Linking CXX executable qt_image_text_transfer
[9.746s] Invoked command in '/data/build/qt_image_text_transfer' returned '0': CMAKE_PREFIX_PATH=/opt/ros/humble /usr/bin/cmake --build /data/build/qt_image_text_transfer -- -j32 -l32
[9.763s] Invoking command in '/data/build/qt_image_text_transfer': CMAKE_PREFIX_PATH=/opt/ros/humble /usr/bin/cmake --install /data/build/qt_image_text_transfer
[9.767s] -- Install configuration: ""
[9.786s] -- Installing: /data/install/qt_image_text_transfer/lib/qt_image_text_transfer/qt_image_text_transfer
[9.985s] -- Set runtime path of "/data/install/qt_image_text_transfer/lib/qt_image_text_transfer/qt_image_text_transfer" to ""
[9.990s] -- Installing: /data/install/qt_image_text_transfer/share/qt_image_text_transfer/launch
[10.022s] -- Installing: /data/install/qt_image_text_transfer/share/qt_image_text_transfer/launch/image_text_transfer.launch.py
[10.106s] -- Installing: /data/install/qt_image_text_transfer/share/ament_index/resource_index/package_run_dependencies/qt_image_text_transfer
[10.159s] -- Installing: /data/install/qt_image_text_transfer/share/ament_index/resource_index/parent_prefix_path/qt_image_text_transfer
[10.212s] -- Installing: /data/install/qt_image_text_transfer/share/qt_image_text_transfer/environment/ament_prefix_path.sh
[10.250s] -- Installing: /data/install/qt_image_text_transfer/share/qt_image_text_transfer/environment/ament_prefix_path.dsv
[10.290s] -- Installing: /data/install/qt_image_text_transfer/share/qt_image_text_transfer/environment/path.sh
[10.321s] -- Installing: /data/install/qt_image_text_transfer/share/qt_image_text_transfer/environment/path.dsv
[10.356s] -- Installing: /data/install/qt_image_text_transfer/share/qt_image_text_transfer/local_setup.bash
[10.387s] -- Installing: /data/install/qt_image_text_transfer/share/qt_image_text_transfer/local_setup.sh
[10.447s] -- Installing: /data/install/qt_image_text_transfer/share/qt_image_text_transfer/local_setup.zsh
[10.497s] -- Installing: /data/install/qt_image_text_transfer/share/qt_image_text_transfer/local_setup.dsv
[10.545s] -- Installing: /data/install/qt_image_text_transfer/share/qt_image_text_transfer/package.dsv
[10.603s] -- Installing: /data/install/qt_image_text_transfer/share/ament_index/resource_index/packages/qt_image_text_transfer
[10.661s] -- Installing: /data/install/qt_image_text_transfer/share/qt_image_text_transfer/cmake/qt_image_text_transferConfig.cmake
[10.691s] -- Installing: /data/install/qt_image_text_transfer/share/qt_image_text_transfer/cmake/qt_image_text_transferConfig-version.cmake
[10.726s] -- Installing: /data/install/qt_image_text_transfer/share/qt_image_text_transfer/package.xml
[10.752s] Invoked command in '/data/build/qt_image_text_transfer' returned '0': CMAKE_PREFIX_PATH=/opt/ros/humble /usr/bin/cmake --install /data/build/qt_image_text_transfer
