[0.323s] DEBUG:colcon:Command line arguments: ['/usr/bin/colcon', 'build', '--cmake-args', '-DCMAKE_EXPORT_COMPILE_COMMANDS=ON', '-G', 'Ninja']
[0.323s] DEBUG:colcon:Parsed command line arguments: Namespace(log_base=None, log_level=None, verb_name='build', build_base='build', install_base='install', merge_install=False, symlink_install=False, test_result_base=None, continue_on_error=False, executor='parallel', parallel_workers=32, event_handlers=None, ignore_user_meta=False, metas=['./colcon.meta'], base_paths=['.'], packages_ignore=None, packages_ignore_regex=None, paths=None, packages_up_to=None, packages_up_to_regex=None, packages_above=None, packages_above_and_dependencies=None, packages_above_depth=None, packages_select_by_dep=None, packages_skip_by_dep=None, packages_skip_up_to=None, packages_select_build_failed=False, packages_skip_build_finished=False, packages_select_test_failures=False, packages_skip_test_passed=False, packages_select=None, packages_skip=None, packages_select_regex=None, packages_skip_regex=None, packages_start=None, packages_end=None, allow_overriding=[], bazel_args=None, bazel_task=None, cmake_args=['-DCMAKE_EXPORT_COMPILE_COMMANDS=ON', '-G', 'Ninja'], cmake_target=None, cmake_target_skip_unavailable=False, cmake_clean_cache=False, cmake_clean_first=False, cmake_force_configure=False, meson_args=[], ament_cmake_args=None, catkin_cmake_args=None, catkin_skip_building_tests=False, mixin_files=None, mixin=None, verb_parser=<colcon_alias.argument_parser.alias.AliasArgumentDecorator object at 0x77a0a6db39d0>, verb_extension=<colcon_core.verb.build.BuildVerb object at 0x77a0a6f7d450>, main=<bound method BuildVerb.main of <colcon_core.verb.build.BuildVerb object at 0x77a0a6f7d450>>, mixin_verb=('build',))
[0.520s] Level 1:colcon.colcon_core.package_discovery:discover_packages(colcon_meta) check parameters
[0.522s] Level 1:colcon.colcon_core.package_discovery:discover_packages(recursive) check parameters
[0.522s] Level 1:colcon.colcon_core.package_discovery:discover_packages(ignore) check parameters
[0.522s] Level 1:colcon.colcon_core.package_discovery:discover_packages(path) check parameters
[0.522s] Level 1:colcon.colcon_core.package_discovery:discover_packages(colcon_meta) discover
[0.522s] Level 1:colcon.colcon_core.package_discovery:discover_packages(recursive) discover
[0.522s] INFO:colcon.colcon_core.package_discovery:Crawling recursively for packages in '/data'
[0.523s] Level 1:colcon.colcon_core.package_identification:_identify(.) by extensions ['ignore', 'ignore_ament_install']
[0.523s] Level 1:colcon.colcon_core.package_identification:_identify(.) by extension 'ignore'
[0.523s] Level 1:colcon.colcon_core.package_identification:_identify(.) by extension 'ignore_ament_install'
[0.524s] Level 1:colcon.colcon_core.package_identification:_identify(.) by extensions ['colcon_pkg']
[0.524s] Level 1:colcon.colcon_core.package_identification:_identify(.) by extension 'colcon_pkg'
[0.524s] Level 1:colcon.colcon_core.package_identification:_identify(.) by extensions ['colcon_meta']
[0.524s] Level 1:colcon.colcon_core.package_identification:_identify(.) by extension 'colcon_meta'
[0.524s] Level 1:colcon.colcon_core.package_identification:_identify(.) by extensions ['ros']
[0.525s] Level 1:colcon.colcon_core.package_identification:_identify(.) by extension 'ros'
[0.533s] Level 1:colcon.colcon_core.package_identification:_identify(.) by extensions ['bazel', 'cmake', 'meson', 'python']
[0.533s] Level 1:colcon.colcon_core.package_identification:_identify(.) by extension 'bazel'
[0.534s] Level 1:colcon.colcon_core.package_identification:_identify(.) by extension 'cmake'
[0.535s] Level 1:colcon.colcon_core.package_identification:_identify(.) by extension 'meson'
[0.536s] Level 1:colcon.colcon_core.package_identification:_identify(.) by extension 'python'
[0.537s] Level 1:colcon.colcon_core.package_identification:_identify(.) by extensions ['python_setup_py']
[0.537s] Level 1:colcon.colcon_core.package_identification:_identify(.) by extension 'python_setup_py'
[0.541s] Level 1:colcon.colcon_core.package_identification:_identify(build) by extensions ['ignore', 'ignore_ament_install']
[0.541s] Level 1:colcon.colcon_core.package_identification:_identify(build) by extension 'ignore'
[0.542s] Level 1:colcon.colcon_core.package_identification:_identify(build) ignored
[0.545s] Level 1:colcon.colcon_core.package_identification:_identify(install) by extensions ['ignore', 'ignore_ament_install']
[0.545s] Level 1:colcon.colcon_core.package_identification:_identify(install) by extension 'ignore'
[0.546s] Level 1:colcon.colcon_core.package_identification:_identify(install) ignored
[0.547s] Level 1:colcon.colcon_core.package_identification:_identify(log) by extensions ['ignore', 'ignore_ament_install']
[0.548s] Level 1:colcon.colcon_core.package_identification:_identify(log) by extension 'ignore'
[0.548s] Level 1:colcon.colcon_core.package_identification:_identify(log) ignored
[0.550s] Level 1:colcon.colcon_core.package_identification:_identify(qt_image_text_transfer) by extensions ['ignore', 'ignore_ament_install']
[0.550s] Level 1:colcon.colcon_core.package_identification:_identify(qt_image_text_transfer) by extension 'ignore'
[0.551s] Level 1:colcon.colcon_core.package_identification:_identify(qt_image_text_transfer) by extension 'ignore_ament_install'
[0.552s] Level 1:colcon.colcon_core.package_identification:_identify(qt_image_text_transfer) by extensions ['colcon_pkg']
[0.553s] Level 1:colcon.colcon_core.package_identification:_identify(qt_image_text_transfer) by extension 'colcon_pkg'
[0.553s] Level 1:colcon.colcon_core.package_identification:_identify(qt_image_text_transfer) by extensions ['colcon_meta']
[0.553s] Level 1:colcon.colcon_core.package_identification:_identify(qt_image_text_transfer) by extension 'colcon_meta'
[0.554s] Level 1:colcon.colcon_core.package_identification:_identify(qt_image_text_transfer) by extensions ['ros']
[0.554s] Level 1:colcon.colcon_core.package_identification:_identify(qt_image_text_transfer) by extension 'ros'
[0.566s] DEBUG:colcon.colcon_core.package_identification:Package 'qt_image_text_transfer' with type 'ros.ament_cmake' and name 'qt_image_text_transfer'
[0.566s] Level 1:colcon.colcon_core.package_discovery:discover_packages(recursive) using defaults
[0.566s] Level 1:colcon.colcon_core.package_discovery:discover_packages(ignore) discover
[0.566s] Level 1:colcon.colcon_core.package_discovery:discover_packages(ignore) using defaults
[0.567s] Level 1:colcon.colcon_core.package_discovery:discover_packages(path) discover
[0.567s] Level 1:colcon.colcon_core.package_discovery:discover_packages(path) using defaults
[0.586s] Level 1:colcon.colcon_core.package_discovery:discover_packages(prefix_path) check parameters
[0.586s] Level 1:colcon.colcon_core.package_discovery:discover_packages(prefix_path) discover
[0.589s] DEBUG:colcon.colcon_installed_package_information.package_discovery:Found 319 installed packages in /opt/ros/humble
[0.590s] Level 1:colcon.colcon_core.package_discovery:discover_packages(prefix_path) using defaults
[0.647s] Level 5:colcon.colcon_core.verb:set package 'qt_image_text_transfer' build argument 'bazel_args' from command line to 'None'
[0.648s] Level 5:colcon.colcon_core.verb:set package 'qt_image_text_transfer' build argument 'bazel_task' from command line to 'None'
[0.648s] Level 5:colcon.colcon_core.verb:set package 'qt_image_text_transfer' build argument 'cmake_args' from command line to '['-DCMAKE_EXPORT_COMPILE_COMMANDS=ON', '-G', 'Ninja']'
[0.648s] Level 5:colcon.colcon_core.verb:set package 'qt_image_text_transfer' build argument 'cmake_target' from command line to 'None'
[0.649s] Level 5:colcon.colcon_core.verb:set package 'qt_image_text_transfer' build argument 'cmake_target_skip_unavailable' from command line to 'False'
[0.649s] Level 5:colcon.colcon_core.verb:set package 'qt_image_text_transfer' build argument 'cmake_clean_cache' from command line to 'False'
[0.649s] Level 5:colcon.colcon_core.verb:set package 'qt_image_text_transfer' build argument 'cmake_clean_first' from command line to 'False'
[0.649s] Level 5:colcon.colcon_core.verb:set package 'qt_image_text_transfer' build argument 'cmake_force_configure' from command line to 'False'
[0.650s] Level 5:colcon.colcon_core.verb:set package 'qt_image_text_transfer' build argument 'meson_args' from command line to '[]'
[0.650s] Level 5:colcon.colcon_core.verb:set package 'qt_image_text_transfer' build argument 'ament_cmake_args' from command line to 'None'
[0.650s] Level 5:colcon.colcon_core.verb:set package 'qt_image_text_transfer' build argument 'catkin_cmake_args' from command line to 'None'
[0.650s] Level 5:colcon.colcon_core.verb:set package 'qt_image_text_transfer' build argument 'catkin_skip_building_tests' from command line to 'False'
[0.651s] DEBUG:colcon.colcon_core.verb:Building package 'qt_image_text_transfer' with the following arguments: {'ament_cmake_args': None, 'bazel_args': None, 'bazel_task': None, 'build_base': '/data/build/qt_image_text_transfer', 'catkin_cmake_args': None, 'catkin_skip_building_tests': False, 'cmake_args': ['-DCMAKE_EXPORT_COMPILE_COMMANDS=ON', '-G', 'Ninja'], 'cmake_clean_cache': False, 'cmake_clean_first': False, 'cmake_force_configure': False, 'cmake_target': None, 'cmake_target_skip_unavailable': False, 'install_base': '/data/install/qt_image_text_transfer', 'merge_install': False, 'meson_args': [], 'path': '/data/qt_image_text_transfer', 'symlink_install': False, 'test_result_base': None}
[0.651s] INFO:colcon.colcon_core.executor:Executing jobs using 'parallel' executor
[0.652s] DEBUG:colcon.colcon_parallel_executor.executor.parallel:run_until_complete
[0.652s] INFO:colcon.colcon_ros.task.ament_cmake.build:Building ROS package in '/data/qt_image_text_transfer' with build type 'ament_cmake'
[0.652s] INFO:colcon.colcon_cmake.task.cmake.build:Building CMake package in '/data/qt_image_text_transfer'
[0.657s] INFO:colcon.colcon_core.plugin_system:Skipping extension 'colcon_core.shell.bat': Not used on non-Windows systems
[0.657s] DEBUG:colcon.colcon_ros_domain_id_coordinator.shell.ros_domain_id:Allocated ROS_DOMAIN_ID=84 for '/data/build/qt_image_text_transfer'
[0.658s] INFO:colcon.colcon_core.shell:Skip shell extension 'ros_domain_id' for command environment: 
[0.658s] INFO:colcon.colcon_core.shell:Skip shell extension 'powershell' for command environment: Not usable outside of PowerShell
[0.658s] DEBUG:colcon.colcon_core.shell:Skip shell extension 'dsv' for command environment
[0.702s] DEBUG:colcon.colcon_core.event_handler.log_command:Invoking command in '/data/build/qt_image_text_transfer': CMAKE_PREFIX_PATH=/opt/ros/humble /usr/bin/cmake --build /data/build/qt_image_text_transfer -- -j32 -l32
[10.400s] DEBUG:colcon.colcon_core.event_handler.log_command:Invoked command in '/data/build/qt_image_text_transfer' returned '0': CMAKE_PREFIX_PATH=/opt/ros/humble /usr/bin/cmake --build /data/build/qt_image_text_transfer -- -j32 -l32
[10.417s] DEBUG:colcon.colcon_core.event_handler.log_command:Invoking command in '/data/build/qt_image_text_transfer': CMAKE_PREFIX_PATH=/opt/ros/humble /usr/bin/cmake --install /data/build/qt_image_text_transfer
[11.406s] Level 1:colcon.colcon_core.environment:create_environment_scripts_only(qt_image_text_transfer)
[11.407s] DEBUG:colcon.colcon_core.event_handler.log_command:Invoked command in '/data/build/qt_image_text_transfer' returned '0': CMAKE_PREFIX_PATH=/opt/ros/humble /usr/bin/cmake --install /data/build/qt_image_text_transfer
[11.410s] Level 1:colcon.colcon_core.environment:checking '/data/install/qt_image_text_transfer' for CMake module files
[11.477s] Level 1:colcon.colcon_core.environment:checking '/data/install/qt_image_text_transfer' for CMake config files
[11.491s] Level 1:colcon.colcon_core.shell:create_environment_hook('qt_image_text_transfer', 'cmake_prefix_path')
[11.492s] INFO:colcon.colcon_core.shell:Creating environment hook '/data/install/qt_image_text_transfer/share/qt_image_text_transfer/hook/cmake_prefix_path.ps1'
[11.503s] INFO:colcon.colcon_core.shell:Creating environment descriptor '/data/install/qt_image_text_transfer/share/qt_image_text_transfer/hook/cmake_prefix_path.dsv'
[11.510s] INFO:colcon.colcon_core.shell:Creating environment hook '/data/install/qt_image_text_transfer/share/qt_image_text_transfer/hook/cmake_prefix_path.sh'
[11.525s] Level 1:colcon.colcon_core.environment:checking '/data/install/qt_image_text_transfer/lib'
[11.527s] Level 1:colcon.colcon_core.environment:checking '/data/install/qt_image_text_transfer/bin'
[11.528s] Level 1:colcon.colcon_core.environment:checking '/data/install/qt_image_text_transfer/lib/pkgconfig/qt_image_text_transfer.pc'
[11.529s] Level 1:colcon.colcon_core.environment:checking '/data/install/qt_image_text_transfer/lib/python3.10/site-packages'
[11.530s] Level 1:colcon.colcon_core.environment:checking '/data/install/qt_image_text_transfer/bin'
[11.531s] INFO:colcon.colcon_core.shell:Creating package script '/data/install/qt_image_text_transfer/share/qt_image_text_transfer/package.ps1'
[11.539s] INFO:colcon.colcon_core.shell:Creating package descriptor '/data/install/qt_image_text_transfer/share/qt_image_text_transfer/package.dsv'
[11.546s] INFO:colcon.colcon_core.shell:Creating package script '/data/install/qt_image_text_transfer/share/qt_image_text_transfer/package.sh'
[11.552s] INFO:colcon.colcon_core.shell:Creating package script '/data/install/qt_image_text_transfer/share/qt_image_text_transfer/package.bash'
[11.560s] INFO:colcon.colcon_core.shell:Creating package script '/data/install/qt_image_text_transfer/share/qt_image_text_transfer/package.zsh'
[11.566s] Level 1:colcon.colcon_core.environment:create_file_with_runtime_dependencies(/data/install/qt_image_text_transfer/share/colcon-core/packages/qt_image_text_transfer)
[11.581s] Level 1:colcon.colcon_core.environment:create_environment_scripts_only(qt_image_text_transfer)
[11.581s] Level 1:colcon.colcon_core.environment:checking '/data/install/qt_image_text_transfer' for CMake module files
[11.626s] Level 1:colcon.colcon_core.environment:checking '/data/install/qt_image_text_transfer' for CMake config files
[11.644s] Level 1:colcon.colcon_core.shell:create_environment_hook('qt_image_text_transfer', 'cmake_prefix_path')
[11.644s] INFO:colcon.colcon_core.shell:Creating environment hook '/data/install/qt_image_text_transfer/share/qt_image_text_transfer/hook/cmake_prefix_path.ps1'
[11.657s] INFO:colcon.colcon_core.shell:Creating environment descriptor '/data/install/qt_image_text_transfer/share/qt_image_text_transfer/hook/cmake_prefix_path.dsv'
[11.668s] INFO:colcon.colcon_core.shell:Creating environment hook '/data/install/qt_image_text_transfer/share/qt_image_text_transfer/hook/cmake_prefix_path.sh'
[11.676s] Level 1:colcon.colcon_core.environment:checking '/data/install/qt_image_text_transfer/lib'
[11.678s] Level 1:colcon.colcon_core.environment:checking '/data/install/qt_image_text_transfer/bin'
[11.679s] Level 1:colcon.colcon_core.environment:checking '/data/install/qt_image_text_transfer/lib/pkgconfig/qt_image_text_transfer.pc'
[11.680s] Level 1:colcon.colcon_core.environment:checking '/data/install/qt_image_text_transfer/lib/python3.10/site-packages'
[11.681s] Level 1:colcon.colcon_core.environment:checking '/data/install/qt_image_text_transfer/bin'
[11.682s] INFO:colcon.colcon_core.shell:Creating package script '/data/install/qt_image_text_transfer/share/qt_image_text_transfer/package.ps1'
[11.688s] INFO:colcon.colcon_core.shell:Creating package descriptor '/data/install/qt_image_text_transfer/share/qt_image_text_transfer/package.dsv'
[11.694s] INFO:colcon.colcon_core.shell:Creating package script '/data/install/qt_image_text_transfer/share/qt_image_text_transfer/package.sh'
[11.700s] INFO:colcon.colcon_core.shell:Creating package script '/data/install/qt_image_text_transfer/share/qt_image_text_transfer/package.bash'
[11.705s] INFO:colcon.colcon_core.shell:Creating package script '/data/install/qt_image_text_transfer/share/qt_image_text_transfer/package.zsh'
[11.711s] Level 1:colcon.colcon_core.environment:create_file_with_runtime_dependencies(/data/install/qt_image_text_transfer/share/colcon-core/packages/qt_image_text_transfer)
[11.715s] DEBUG:colcon.colcon_parallel_executor.executor.parallel:closing loop
[11.715s] DEBUG:colcon.colcon_ros_domain_id_coordinator.shell.ros_domain_id:Released ROS_DOMAIN_ID=84 for '/data/build/qt_image_text_transfer'
[11.715s] DEBUG:colcon.colcon_parallel_executor.executor.parallel:loop closed
[11.716s] DEBUG:colcon.colcon_parallel_executor.executor.parallel:run_until_complete finished with '0'
[11.716s] DEBUG:colcon.colcon_core.event_reactor:joining thread
[11.736s] INFO:colcon.colcon_core.plugin_system:Skipping extension 'colcon_notification.desktop_notification.notify_send': Could not find 'notify-send'
[11.737s] INFO:colcon.colcon_core.plugin_system:Skipping extension 'colcon_notification.desktop_notification.terminal_notifier': Not used on non-Darwin systems
[11.737s] INFO:colcon.colcon_core.plugin_system:Skipping extension 'colcon_notification.desktop_notification.win32': Not used on non-Windows systems
[11.737s] INFO:colcon.colcon_notification.desktop_notification:Sending desktop notification using 'notify2'
[11.739s] DEBUG:colcon.colcon_notification.desktop_notification.notify2:Failed to initialize notify2: org.freedesktop.DBus.Error.Spawn.ExecFailed: /usr/bin/dbus-launch terminated abnormally without any error message
[11.739s] DEBUG:colcon.colcon_core.event_reactor:joined thread
[11.740s] INFO:colcon.colcon_core.shell:Creating prefix script '/data/install/local_setup.ps1'
[11.744s] INFO:colcon.colcon_core.shell:Creating prefix util module '/data/install/_local_setup_util_ps1.py'
[11.747s] INFO:colcon.colcon_core.shell:Creating prefix chain script '/data/install/setup.ps1'
[11.750s] INFO:colcon.colcon_core.shell:Creating prefix script '/data/install/local_setup.sh'
[11.753s] INFO:colcon.colcon_core.shell:Creating prefix util module '/data/install/_local_setup_util_sh.py'
[11.757s] INFO:colcon.colcon_core.shell:Creating prefix chain script '/data/install/setup.sh'
[11.760s] INFO:colcon.colcon_core.shell:Creating prefix script '/data/install/local_setup.bash'
[11.763s] INFO:colcon.colcon_core.shell:Creating prefix chain script '/data/install/setup.bash'
[11.766s] INFO:colcon.colcon_core.shell:Creating prefix script '/data/install/local_setup.zsh'
[11.769s] INFO:colcon.colcon_core.shell:Creating prefix chain script '/data/install/setup.zsh'
[11.772s] INFO:colcon.colcon_core.shell:Creating '/data/install/spawn_shell.bash'
