[0.040s] Invoking command in '/data/build/qt_image_text_transfer': CMAKE_PREFIX_PATH=/opt/ros/humble /usr/bin/cmake --build /data/build/qt_image_text_transfer -- -j32 -l32
[0.196s] [1/4] Automatic MOC and UIC for target qt_image_text_transfer
[5.557s] [2/3] Building CXX object CMakeFiles/qt_image_text_transfer.dir/src/main.cpp.o
[10.867s] [3/3] Linking CXX executable qt_image_text_transfer
[10.869s] Invoked command in '/data/build/qt_image_text_transfer' returned '0': CMAKE_PREFIX_PATH=/opt/ros/humble /usr/bin/cmake --build /data/build/qt_image_text_transfer -- -j32 -l32
[10.976s] Invoking command in '/data/build/qt_image_text_transfer': CMAKE_PREFIX_PATH=/opt/ros/humble /usr/bin/cmake --install /data/build/qt_image_text_transfer
[10.983s] -- Install configuration: ""
[11.023s] -- Installing: /data/install/qt_image_text_transfer/lib/qt_image_text_transfer/qt_image_text_transfer
[11.554s] -- Set runtime path of "/data/install/qt_image_text_transfer/lib/qt_image_text_transfer/qt_image_text_transfer" to ""
[11.591s] -- Up-to-date: /data/install/qt_image_text_transfer/share/qt_image_text_transfer/launch
[11.617s] -- Installing: /data/install/qt_image_text_transfer/share/qt_image_text_transfer/launch/image_text_transfer.launch.py
[11.724s] -- Up-to-date: /data/install/qt_image_text_transfer/share/ament_index/resource_index/package_run_dependencies/qt_image_text_transfer
[11.783s] -- Up-to-date: /data/install/qt_image_text_transfer/share/ament_index/resource_index/parent_prefix_path/qt_image_text_transfer
[11.800s] -- Up-to-date: /data/install/qt_image_text_transfer/share/qt_image_text_transfer/environment/ament_prefix_path.sh
[11.823s] -- Up-to-date: /data/install/qt_image_text_transfer/share/qt_image_text_transfer/environment/ament_prefix_path.dsv
[11.841s] -- Up-to-date: /data/install/qt_image_text_transfer/share/qt_image_text_transfer/environment/path.sh
[11.856s] -- Up-to-date: /data/install/qt_image_text_transfer/share/qt_image_text_transfer/environment/path.dsv
[11.868s] -- Up-to-date: /data/install/qt_image_text_transfer/share/qt_image_text_transfer/local_setup.bash
[11.991s] -- Up-to-date: /data/install/qt_image_text_transfer/share/qt_image_text_transfer/local_setup.sh
[12.016s] -- Up-to-date: /data/install/qt_image_text_transfer/share/qt_image_text_transfer/local_setup.zsh
[12.034s] -- Up-to-date: /data/install/qt_image_text_transfer/share/qt_image_text_transfer/local_setup.dsv
[12.056s] -- Installing: /data/install/qt_image_text_transfer/share/qt_image_text_transfer/package.dsv
[12.108s] -- Up-to-date: /data/install/qt_image_text_transfer/share/ament_index/resource_index/packages/qt_image_text_transfer
[12.121s] -- Up-to-date: /data/install/qt_image_text_transfer/share/qt_image_text_transfer/cmake/qt_image_text_transferConfig.cmake
[12.143s] -- Up-to-date: /data/install/qt_image_text_transfer/share/qt_image_text_transfer/cmake/qt_image_text_transferConfig-version.cmake
[12.159s] -- Up-to-date: /data/install/qt_image_text_transfer/share/qt_image_text_transfer/package.xml
[12.164s] Invoked command in '/data/build/qt_image_text_transfer' returned '0': CMAKE_PREFIX_PATH=/opt/ros/humble /usr/bin/cmake --install /data/build/qt_image_text_transfer
