[0.077s] Invoking command in '/data/build/qt_image_text_transfer': CMAKE_PREFIX_PATH=${CMAKE_PREFIX_PATH}:/opt/ros/humble /usr/bin/cmake --build /data/build/qt_image_text_transfer -- -j32 -l32
[0.153s] 
[0.253s] [0/4] Automatic MOC and UIC for target qt_image_text_transfer[K
[0.271s] [1/4] Automatic MOC and UIC for target qt_image_text_transfer[K
[4.864s] [1/3] Building CXX object CMakeFiles/qt_image_text_transfer.dir/src/client_window.cpp.o[K
[4.870s] [2/3] Building CXX object CMakeFiles/qt_image_text_transfer.dir/src/client_window.cpp.o[K
[10.091s] [2/3] Linking CXX executable qt_image_text_transfer[K
[10.092s] [3/3] Linking CXX executable qt_image_text_transfer[K
[10.094s] Invoked command in '/data/build/qt_image_text_transfer' returned '0': CMAKE_PREFIX_PATH=${CMAKE_PREFIX_PATH}:/opt/ros/humble /usr/bin/cmake --build /data/build/qt_image_text_transfer -- -j32 -l32
[10.110s] Invoking command in '/data/build/qt_image_text_transfer': CMAKE_PREFIX_PATH=${CMAKE_PREFIX_PATH}:/opt/ros/humble /usr/bin/cmake --install /data/build/qt_image_text_transfer
[10.115s] -- Install configuration: ""
[10.144s] -- Installing: /data/install/qt_image_text_transfer/lib/qt_image_text_transfer/qt_image_text_transfer
[10.355s] -- Set runtime path of "/data/install/qt_image_text_transfer/lib/qt_image_text_transfer/qt_image_text_transfer" to ""
[10.367s] -- Up-to-date: /data/install/qt_image_text_transfer/share/qt_image_text_transfer/launch
[10.381s] -- Up-to-date: /data/install/qt_image_text_transfer/share/qt_image_text_transfer/launch/image_text_transfer.launch.py
[10.398s] -- Up-to-date: /data/install/qt_image_text_transfer/share/ament_index/resource_index/package_run_dependencies/qt_image_text_transfer
[10.416s] -- Up-to-date: /data/install/qt_image_text_transfer/share/ament_index/resource_index/parent_prefix_path/qt_image_text_transfer
[10.426s] -- Up-to-date: /data/install/qt_image_text_transfer/share/qt_image_text_transfer/environment/ament_prefix_path.sh
[10.438s] -- Up-to-date: /data/install/qt_image_text_transfer/share/qt_image_text_transfer/environment/ament_prefix_path.dsv
[10.446s] -- Up-to-date: /data/install/qt_image_text_transfer/share/qt_image_text_transfer/environment/path.sh
[10.460s] -- Up-to-date: /data/install/qt_image_text_transfer/share/qt_image_text_transfer/environment/path.dsv
[10.473s] -- Up-to-date: /data/install/qt_image_text_transfer/share/qt_image_text_transfer/local_setup.bash
[10.483s] -- Up-to-date: /data/install/qt_image_text_transfer/share/qt_image_text_transfer/local_setup.sh
[10.495s] -- Up-to-date: /data/install/qt_image_text_transfer/share/qt_image_text_transfer/local_setup.zsh
[10.505s] -- Up-to-date: /data/install/qt_image_text_transfer/share/qt_image_text_transfer/local_setup.dsv
[10.515s] -- Installing: /data/install/qt_image_text_transfer/share/qt_image_text_transfer/package.dsv
[10.677s] -- Up-to-date: /data/install/qt_image_text_transfer/share/ament_index/resource_index/packages/qt_image_text_transfer
[10.709s] -- Up-to-date: /data/install/qt_image_text_transfer/share/qt_image_text_transfer/cmake/qt_image_text_transferConfig.cmake
[10.767s] -- Up-to-date: /data/install/qt_image_text_transfer/share/qt_image_text_transfer/cmake/qt_image_text_transferConfig-version.cmake
[10.781s] -- Up-to-date: /data/install/qt_image_text_transfer/share/qt_image_text_transfer/package.xml
[10.793s] Invoked command in '/data/build/qt_image_text_transfer' returned '0': CMAKE_PREFIX_PATH=${CMAKE_PREFIX_PATH}:/opt/ros/humble /usr/bin/cmake --install /data/build/qt_image_text_transfer
