-- The C compiler identification is GNU 11.4.0
-- The CXX compiler identification is GNU 11.4.0
-- Detecting C compiler ABI info
-- Detecting C compiler ABI info - done
-- Check for working C compiler: /usr/bin/cc - skipped
-- Detecting C compile features
-- Detecting C compile features - done
-- Detecting CXX compiler ABI info
-- Detecting CXX compiler ABI info - done
-- Check for working CXX compiler: /usr/bin/c++ - skipped
-- Detecting CXX compile features
-- Detecting CXX compile features - done
-- Found ament_cmake: 1.3.12 (/opt/ros/humble/share/ament_cmake/cmake)
-- Found Python3: /usr/bin/python3 (found version "3.10.12") found components: Interpreter 
-- Found rclcpp: 16.0.16 (/opt/ros/humble/share/rclcpp/cmake)
-- Found rosidl_generator_c: 3.1.7 (/opt/ros/humble/share/rosidl_generator_c/cmake)
-- Found rosidl_adapter: 3.1.7 (/opt/ros/humble/share/rosidl_adapter/cmake)
-- Found rosidl_generator_cpp: 3.1.7 (/opt/ros/humble/share/rosidl_generator_cpp/cmake)
-- Using all available rosidl_typesupport_c: rosidl_typesupport_fastrtps_c;rosidl_typesupport_introspection_c
-- Using all available rosidl_typesupport_cpp: rosidl_typesupport_fastrtps_cpp;rosidl_typesupport_introspection_cpp
-- Found rmw_implementation_cmake: 6.1.2 (/opt/ros/humble/share/rmw_implementation_cmake/cmake)
-- Found rmw_fastrtps_cpp: 6.2.9 (/opt/ros/humble/share/rmw_fastrtps_cpp/cmake)
-- Found OpenSSL: /usr/lib/x86_64-linux-gnu/libcrypto.so (found version "3.0.2")  
-- Found FastRTPS: /opt/ros/humble/include  
-- Using RMW implementation 'rmw_fastrtps_cpp' as default
-- Looking for pthread.h
-- Looking for pthread.h - found
-- Performing Test CMAKE_HAVE_LIBC_PTHREAD
-- Performing Test CMAKE_HAVE_LIBC_PTHREAD - Success
-- Found Threads: TRUE  
-- Found sensor_msgs: 4.9.0 (/opt/ros/humble/share/sensor_msgs/cmake)
-- Found cv_bridge: 3.2.1 (/opt/ros/humble/share/cv_bridge/cmake)
-- Found OpenCV: /usr (found version "4.5.4") 
-- Found ament_lint_auto: 0.12.14 (/opt/ros/humble/share/ament_lint_auto/cmake)
-- Added test 'copyright' to check source files copyright and LICENSE
-- Added test 'cppcheck' to perform static code analysis on C / C++ code
-- Configured cppcheck include dirs: /data/qt_image_text_transfer/include
-- Configured cppcheck exclude dirs and/or files: 
-- Added test 'cpplint' to check C / C++ code against the Google style
-- Configured cpplint exclude dirs and/or files: 
-- Added test 'flake8' to check Python code syntax and style conventions
-- Added test 'lint_cmake' to check CMake code style
-- Added test 'pep257' to check Python code against some of the docstring style conventions in PEP 257
-- Added test 'uncrustify' to check C / C++ code style
-- Configured uncrustify additional arguments: 
-- Added test 'xmllint' to check XML markup files
-- Configuring done
-- Generating done
-- Build files have been written to: /data/build/qt_image_text_transfer
[1/8] Automatic MOC and UIC for target qt_image_text_transfer
[2/8] Building CXX object CMakeFiles/qt_image_text_transfer.dir/qt_image_text_transfer_autogen/mocs_compilation.cpp.o
[3/8] Building CXX object CMakeFiles/qt_image_text_transfer.dir/src/server_window.cpp.o
FAILED: CMakeFiles/qt_image_text_transfer.dir/src/server_window.cpp.o 
/usr/bin/c++ -DDEFAULT_RMW_IMPLEMENTATION=rmw_fastrtps_cpp -DQT_CORE_LIB -DQT_GUI_LIB -DQT_NO_DEBUG -DQT_WIDGETS_LIB -DRCUTILS_ENABLE_FAULT_INJECTION -I/data/build/qt_image_text_transfer/qt_image_text_transfer_autogen/include -I/data/qt_image_text_transfer/include -isystem /usr/include/x86_64-linux-gnu/qt5 -isystem /usr/include/x86_64-linux-gnu/qt5/QtWidgets -isystem /usr/include/x86_64-linux-gnu/qt5/QtGui -isystem /usr/include/x86_64-linux-gnu/qt5/QtCore -isystem /usr/lib/x86_64-linux-gnu/qt5/mkspecs/linux-g++ -isystem /opt/ros/humble/include/rclcpp -isystem /opt/ros/humble/include/sensor_msgs -isystem /opt/ros/humble/include/std_msgs -isystem /opt/ros/humble/include/cv_bridge -isystem /usr/include/opencv4 -isystem /opt/ros/humble/include/ament_index_cpp -isystem /opt/ros/humble/include/libstatistics_collector -isystem /opt/ros/humble/include/builtin_interfaces -isystem /opt/ros/humble/include/rosidl_runtime_c -isystem /opt/ros/humble/include/rcutils -isystem /opt/ros/humble/include/rosidl_typesupport_interface -isystem /opt/ros/humble/include/fastcdr -isystem /opt/ros/humble/include/rosidl_runtime_cpp -isystem /opt/ros/humble/include/rosidl_typesupport_fastrtps_cpp -isystem /opt/ros/humble/include/rmw -isystem /opt/ros/humble/include/rosidl_typesupport_fastrtps_c -isystem /opt/ros/humble/include/rosidl_typesupport_introspection_c -isystem /opt/ros/humble/include/rosidl_typesupport_introspection_cpp -isystem /opt/ros/humble/include/rcl -isystem /opt/ros/humble/include/rcl_interfaces -isystem /opt/ros/humble/include/rcl_logging_interface -isystem /opt/ros/humble/include/rcl_yaml_param_parser -isystem /opt/ros/humble/include/libyaml_vendor -isystem /opt/ros/humble/include/tracetools -isystem /opt/ros/humble/include/rcpputils -isystem /opt/ros/humble/include/statistics_msgs -isystem /opt/ros/humble/include/rosgraph_msgs -isystem /opt/ros/humble/include/rosidl_typesupport_cpp -isystem /opt/ros/humble/include/rosidl_typesupport_c -isystem /opt/ros/humble/include/geometry_msgs -Wall -Wextra -Wpedantic -fPIC -MD -MT CMakeFiles/qt_image_text_transfer.dir/src/server_window.cpp.o -MF CMakeFiles/qt_image_text_transfer.dir/src/server_window.cpp.o.d -o CMakeFiles/qt_image_text_transfer.dir/src/server_window.cpp.o -c /data/qt_image_text_transfer/src/server_window.cpp
In file included from /data/qt_image_text_transfer/src/server_window.cpp:1:
/data/qt_image_text_transfer/include/qt_image_text_transfer/server_window.h:16:10: fatal error: QCamera: No such file or directory
   16 | #include <QCamera>
      |          ^~~~~~~~~
compilation terminated.
[4/8] Building CXX object CMakeFiles/qt_image_text_transfer.dir/src/main.cpp.o
FAILED: CMakeFiles/qt_image_text_transfer.dir/src/main.cpp.o 
/usr/bin/c++ -DDEFAULT_RMW_IMPLEMENTATION=rmw_fastrtps_cpp -DQT_CORE_LIB -DQT_GUI_LIB -DQT_NO_DEBUG -DQT_WIDGETS_LIB -DRCUTILS_ENABLE_FAULT_INJECTION -I/data/build/qt_image_text_transfer/qt_image_text_transfer_autogen/include -I/data/qt_image_text_transfer/include -isystem /usr/include/x86_64-linux-gnu/qt5 -isystem /usr/include/x86_64-linux-gnu/qt5/QtWidgets -isystem /usr/include/x86_64-linux-gnu/qt5/QtGui -isystem /usr/include/x86_64-linux-gnu/qt5/QtCore -isystem /usr/lib/x86_64-linux-gnu/qt5/mkspecs/linux-g++ -isystem /opt/ros/humble/include/rclcpp -isystem /opt/ros/humble/include/sensor_msgs -isystem /opt/ros/humble/include/std_msgs -isystem /opt/ros/humble/include/cv_bridge -isystem /usr/include/opencv4 -isystem /opt/ros/humble/include/ament_index_cpp -isystem /opt/ros/humble/include/libstatistics_collector -isystem /opt/ros/humble/include/builtin_interfaces -isystem /opt/ros/humble/include/rosidl_runtime_c -isystem /opt/ros/humble/include/rcutils -isystem /opt/ros/humble/include/rosidl_typesupport_interface -isystem /opt/ros/humble/include/fastcdr -isystem /opt/ros/humble/include/rosidl_runtime_cpp -isystem /opt/ros/humble/include/rosidl_typesupport_fastrtps_cpp -isystem /opt/ros/humble/include/rmw -isystem /opt/ros/humble/include/rosidl_typesupport_fastrtps_c -isystem /opt/ros/humble/include/rosidl_typesupport_introspection_c -isystem /opt/ros/humble/include/rosidl_typesupport_introspection_cpp -isystem /opt/ros/humble/include/rcl -isystem /opt/ros/humble/include/rcl_interfaces -isystem /opt/ros/humble/include/rcl_logging_interface -isystem /opt/ros/humble/include/rcl_yaml_param_parser -isystem /opt/ros/humble/include/libyaml_vendor -isystem /opt/ros/humble/include/tracetools -isystem /opt/ros/humble/include/rcpputils -isystem /opt/ros/humble/include/statistics_msgs -isystem /opt/ros/humble/include/rosgraph_msgs -isystem /opt/ros/humble/include/rosidl_typesupport_cpp -isystem /opt/ros/humble/include/rosidl_typesupport_c -isystem /opt/ros/humble/include/geometry_msgs -Wall -Wextra -Wpedantic -fPIC -MD -MT CMakeFiles/qt_image_text_transfer.dir/src/main.cpp.o -MF CMakeFiles/qt_image_text_transfer.dir/src/main.cpp.o.d -o CMakeFiles/qt_image_text_transfer.dir/src/main.cpp.o -c /data/qt_image_text_transfer/src/main.cpp
In file included from /data/qt_image_text_transfer/src/main.cpp:3:
/data/qt_image_text_transfer/include/qt_image_text_transfer/server_window.h:16:10: fatal error: QCamera: No such file or directory
   16 | #include <QCamera>
      |          ^~~~~~~~~
compilation terminated.
[5/8] Building CXX object CMakeFiles/qt_image_text_transfer.dir/src/client_window.cpp.o
FAILED: CMakeFiles/qt_image_text_transfer.dir/src/client_window.cpp.o 
/usr/bin/c++ -DDEFAULT_RMW_IMPLEMENTATION=rmw_fastrtps_cpp -DQT_CORE_LIB -DQT_GUI_LIB -DQT_NO_DEBUG -DQT_WIDGETS_LIB -DRCUTILS_ENABLE_FAULT_INJECTION -I/data/build/qt_image_text_transfer/qt_image_text_transfer_autogen/include -I/data/qt_image_text_transfer/include -isystem /usr/include/x86_64-linux-gnu/qt5 -isystem /usr/include/x86_64-linux-gnu/qt5/QtWidgets -isystem /usr/include/x86_64-linux-gnu/qt5/QtGui -isystem /usr/include/x86_64-linux-gnu/qt5/QtCore -isystem /usr/lib/x86_64-linux-gnu/qt5/mkspecs/linux-g++ -isystem /opt/ros/humble/include/rclcpp -isystem /opt/ros/humble/include/sensor_msgs -isystem /opt/ros/humble/include/std_msgs -isystem /opt/ros/humble/include/cv_bridge -isystem /usr/include/opencv4 -isystem /opt/ros/humble/include/ament_index_cpp -isystem /opt/ros/humble/include/libstatistics_collector -isystem /opt/ros/humble/include/builtin_interfaces -isystem /opt/ros/humble/include/rosidl_runtime_c -isystem /opt/ros/humble/include/rcutils -isystem /opt/ros/humble/include/rosidl_typesupport_interface -isystem /opt/ros/humble/include/fastcdr -isystem /opt/ros/humble/include/rosidl_runtime_cpp -isystem /opt/ros/humble/include/rosidl_typesupport_fastrtps_cpp -isystem /opt/ros/humble/include/rmw -isystem /opt/ros/humble/include/rosidl_typesupport_fastrtps_c -isystem /opt/ros/humble/include/rosidl_typesupport_introspection_c -isystem /opt/ros/humble/include/rosidl_typesupport_introspection_cpp -isystem /opt/ros/humble/include/rcl -isystem /opt/ros/humble/include/rcl_interfaces -isystem /opt/ros/humble/include/rcl_logging_interface -isystem /opt/ros/humble/include/rcl_yaml_param_parser -isystem /opt/ros/humble/include/libyaml_vendor -isystem /opt/ros/humble/include/tracetools -isystem /opt/ros/humble/include/rcpputils -isystem /opt/ros/humble/include/statistics_msgs -isystem /opt/ros/humble/include/rosgraph_msgs -isystem /opt/ros/humble/include/rosidl_typesupport_cpp -isystem /opt/ros/humble/include/rosidl_typesupport_c -isystem /opt/ros/humble/include/geometry_msgs -Wall -Wextra -Wpedantic -fPIC -MD -MT CMakeFiles/qt_image_text_transfer.dir/src/client_window.cpp.o -MF CMakeFiles/qt_image_text_transfer.dir/src/client_window.cpp.o.d -o CMakeFiles/qt_image_text_transfer.dir/src/client_window.cpp.o -c /data/qt_image_text_transfer/src/client_window.cpp
/data/qt_image_text_transfer/src/client_window.cpp: In member function ‘void qt_image_text_transfer::ClientWindow::addTextMessage(const QString&)’:
/data/qt_image_text_transfer/src/client_window.cpp:106:36: error: invalid use of incomplete type ‘class QScrollBar’
  106 |   text_scroll_->verticalScrollBar()->setValue(
      |                                    ^~
In file included from /usr/include/x86_64-linux-gnu/qt5/QtWidgets/qscrollarea.h:44,
                 from /usr/include/x86_64-linux-gnu/qt5/QtWidgets/QScrollArea:1,
                 from /data/qt_image_text_transfer/include/qt_image_text_transfer/client_window.h:9,
                 from /data/qt_image_text_transfer/src/client_window.cpp:1:
/usr/include/x86_64-linux-gnu/qt5/QtWidgets/qabstractscrollarea.h:52:7: note: forward declaration of ‘class QScrollBar’
   52 | class QScrollBar;
      |       ^~~~~~~~~~
/data/qt_image_text_transfer/src/client_window.cpp:107:38: error: invalid use of incomplete type ‘class QScrollBar’
  107 |     text_scroll_->verticalScrollBar()->maximum());
      |                                      ^~
In file included from /usr/include/x86_64-linux-gnu/qt5/QtWidgets/qscrollarea.h:44,
                 from /usr/include/x86_64-linux-gnu/qt5/QtWidgets/QScrollArea:1,
                 from /data/qt_image_text_transfer/include/qt_image_text_transfer/client_window.h:9,
                 from /data/qt_image_text_transfer/src/client_window.cpp:1:
/usr/include/x86_64-linux-gnu/qt5/QtWidgets/qabstractscrollarea.h:52:7: note: forward declaration of ‘class QScrollBar’
   52 | class QScrollBar;
      |       ^~~~~~~~~~
[6/8] Building CXX object CMakeFiles/qt_image_text_transfer.dir/src/server_node.cpp.o
[7/8] Building CXX object CMakeFiles/qt_image_text_transfer.dir/src/client_node.cpp.o
ninja: build stopped: subcommand failed.
