[0.080s] Invoking command in '/data/build/qt_image_text_transfer': CMAKE_PREFIX_PATH=/opt/ros/humble /usr/bin/cmake /data/qt_image_text_transfer -DCMAKE_EXPORT_COMPILE_COMMANDS=ON -G Ninja -DCMAKE_INSTALL_PREFIX=/data/install/qt_image_text_transfer
[0.402s] -- The C compiler identification is GNU 11.4.0
[0.542s] -- The CXX compiler identification is GNU 11.4.0
[0.604s] -- Detecting C compiler ABI info
[0.809s] -- Detecting C compiler ABI info - done
[0.823s] -- Check for working C compiler: /usr/bin/cc - skipped
[0.823s] -- Detecting C compile features
[0.824s] -- Detecting C compile features - done
[0.852s] -- Detecting CXX compiler ABI info
[1.050s] -- Detecting CXX compiler ABI info - done
[1.063s] -- Check for working CXX compiler: /usr/bin/c++ - skipped
[1.063s] -- Detecting CXX compile features
[1.064s] -- Detecting CXX compile features - done
[1.092s] -- Found ament_cmake: 1.3.12 (/opt/ros/humble/share/ament_cmake/cmake)
[1.185s] -- Found Python3: /usr/bin/python3 (found version "3.10.12") found components: Interpreter 
[1.301s] -- Found rclcpp: 16.0.16 (/opt/ros/humble/share/rclcpp/cmake)
[1.378s] -- Found rosidl_generator_c: 3.1.7 (/opt/ros/humble/share/rosidl_generator_c/cmake)
[1.380s] -- Found rosidl_adapter: 3.1.7 (/opt/ros/humble/share/rosidl_adapter/cmake)
[1.391s] -- Found rosidl_generator_cpp: 3.1.7 (/opt/ros/humble/share/rosidl_generator_cpp/cmake)
[1.394s] -- Using all available rosidl_typesupport_c: rosidl_typesupport_fastrtps_c;rosidl_typesupport_introspection_c
[1.399s] -- Using all available rosidl_typesupport_cpp: rosidl_typesupport_fastrtps_cpp;rosidl_typesupport_introspection_cpp
[1.439s] -- Found rmw_implementation_cmake: 6.1.2 (/opt/ros/humble/share/rmw_implementation_cmake/cmake)
[1.444s] -- Found rmw_fastrtps_cpp: 6.2.9 (/opt/ros/humble/share/rmw_fastrtps_cpp/cmake)
[1.515s] -- Found OpenSSL: /usr/lib/x86_64-linux-gnu/libcrypto.so (found version "3.0.2")  
[1.556s] -- Found FastRTPS: /opt/ros/humble/include  
[1.589s] -- Using RMW implementation 'rmw_fastrtps_cpp' as default
[1.627s] -- Looking for pthread.h
[1.823s] -- Looking for pthread.h - found
[1.827s] -- Performing Test CMAKE_HAVE_LIBC_PTHREAD
[2.041s] -- Performing Test CMAKE_HAVE_LIBC_PTHREAD - Success
[2.044s] -- Found Threads: TRUE  
[2.087s] -- Found sensor_msgs: 4.9.0 (/opt/ros/humble/share/sensor_msgs/cmake)
[2.115s] -- Found cv_bridge: 3.2.1 (/opt/ros/humble/share/cv_bridge/cmake)
[2.121s] -- Found OpenCV: /usr (found version "4.5.4") 
[2.153s] -- Found ament_lint_auto: 0.12.14 (/opt/ros/humble/share/ament_lint_auto/cmake)
[2.336s] -- Added test 'copyright' to check source files copyright and LICENSE
[2.764s] -- Added test 'cppcheck' to perform static code analysis on C / C++ code
[2.764s] -- Configured cppcheck include dirs: /data/qt_image_text_transfer/include
[2.764s] -- Configured cppcheck exclude dirs and/or files: 
[3.023s] -- Added test 'cpplint' to check C / C++ code against the Google style
[3.024s] -- Configured cpplint exclude dirs and/or files: 
[3.063s] -- Added test 'flake8' to check Python code syntax and style conventions
[3.146s] -- Added test 'lint_cmake' to check CMake code style
[3.181s] -- Added test 'pep257' to check Python code against some of the docstring style conventions in PEP 257
[3.494s] -- Added test 'uncrustify' to check C / C++ code style
[3.494s] -- Configured uncrustify additional arguments: 
[3.547s] -- Added test 'xmllint' to check XML markup files
[3.607s] -- Configuring done
[4.019s] -- Generating done
[4.174s] -- Build files have been written to: /data/build/qt_image_text_transfer
[4.184s] Invoked command in '/data/build/qt_image_text_transfer' returned '0': CMAKE_PREFIX_PATH=/opt/ros/humble /usr/bin/cmake /data/qt_image_text_transfer -DCMAKE_EXPORT_COMPILE_COMMANDS=ON -G Ninja -DCMAKE_INSTALL_PREFIX=/data/install/qt_image_text_transfer
[4.188s] Invoking command in '/data/build/qt_image_text_transfer': CMAKE_PREFIX_PATH=/opt/ros/humble /usr/bin/cmake --build /data/build/qt_image_text_transfer -- -j32 -l32
[4.317s] [1/8] Automatic MOC and UIC for target qt_image_text_transfer
[4.350s] [2/8] Building CXX object CMakeFiles/qt_image_text_transfer.dir/qt_image_text_transfer_autogen/mocs_compilation.cpp.o
[5.090s] [3/8] Building CXX object CMakeFiles/qt_image_text_transfer.dir/src/server_window.cpp.o
[5.090s] FAILED: CMakeFiles/qt_image_text_transfer.dir/src/server_window.cpp.o 
[5.091s] /usr/bin/c++ -DDEFAULT_RMW_IMPLEMENTATION=rmw_fastrtps_cpp -DQT_CORE_LIB -DQT_GUI_LIB -DQT_NO_DEBUG -DQT_WIDGETS_LIB -DRCUTILS_ENABLE_FAULT_INJECTION -I/data/build/qt_image_text_transfer/qt_image_text_transfer_autogen/include -I/data/qt_image_text_transfer/include -isystem /usr/include/x86_64-linux-gnu/qt5 -isystem /usr/include/x86_64-linux-gnu/qt5/QtWidgets -isystem /usr/include/x86_64-linux-gnu/qt5/QtGui -isystem /usr/include/x86_64-linux-gnu/qt5/QtCore -isystem /usr/lib/x86_64-linux-gnu/qt5/mkspecs/linux-g++ -isystem /opt/ros/humble/include/rclcpp -isystem /opt/ros/humble/include/sensor_msgs -isystem /opt/ros/humble/include/std_msgs -isystem /opt/ros/humble/include/cv_bridge -isystem /usr/include/opencv4 -isystem /opt/ros/humble/include/ament_index_cpp -isystem /opt/ros/humble/include/libstatistics_collector -isystem /opt/ros/humble/include/builtin_interfaces -isystem /opt/ros/humble/include/rosidl_runtime_c -isystem /opt/ros/humble/include/rcutils -isystem /opt/ros/humble/include/rosidl_typesupport_interface -isystem /opt/ros/humble/include/fastcdr -isystem /opt/ros/humble/include/rosidl_runtime_cpp -isystem /opt/ros/humble/include/rosidl_typesupport_fastrtps_cpp -isystem /opt/ros/humble/include/rmw -isystem /opt/ros/humble/include/rosidl_typesupport_fastrtps_c -isystem /opt/ros/humble/include/rosidl_typesupport_introspection_c -isystem /opt/ros/humble/include/rosidl_typesupport_introspection_cpp -isystem /opt/ros/humble/include/rcl -isystem /opt/ros/humble/include/rcl_interfaces -isystem /opt/ros/humble/include/rcl_logging_interface -isystem /opt/ros/humble/include/rcl_yaml_param_parser -isystem /opt/ros/humble/include/libyaml_vendor -isystem /opt/ros/humble/include/tracetools -isystem /opt/ros/humble/include/rcpputils -isystem /opt/ros/humble/include/statistics_msgs -isystem /opt/ros/humble/include/rosgraph_msgs -isystem /opt/ros/humble/include/rosidl_typesupport_cpp -isystem /opt/ros/humble/include/rosidl_typesupport_c -isystem /opt/ros/humble/include/geometry_msgs -Wall -Wextra -Wpedantic -fPIC -MD -MT CMakeFiles/qt_image_text_transfer.dir/src/server_window.cpp.o -MF CMakeFiles/qt_image_text_transfer.dir/src/server_window.cpp.o.d -o CMakeFiles/qt_image_text_transfer.dir/src/server_window.cpp.o -c /data/qt_image_text_transfer/src/server_window.cpp
[5.091s] In file included from /data/qt_image_text_transfer/src/server_window.cpp:1:
[5.092s] /data/qt_image_text_transfer/include/qt_image_text_transfer/server_window.h:16:10: fatal error: QCamera: No such file or directory
[5.092s]    16 | #include <QCamera>
[5.092s]       |          ^~~~~~~~~
[5.093s] compilation terminated.
[5.112s] [4/8] Building CXX object CMakeFiles/qt_image_text_transfer.dir/src/main.cpp.o
[5.112s] FAILED: CMakeFiles/qt_image_text_transfer.dir/src/main.cpp.o 
[5.113s] /usr/bin/c++ -DDEFAULT_RMW_IMPLEMENTATION=rmw_fastrtps_cpp -DQT_CORE_LIB -DQT_GUI_LIB -DQT_NO_DEBUG -DQT_WIDGETS_LIB -DRCUTILS_ENABLE_FAULT_INJECTION -I/data/build/qt_image_text_transfer/qt_image_text_transfer_autogen/include -I/data/qt_image_text_transfer/include -isystem /usr/include/x86_64-linux-gnu/qt5 -isystem /usr/include/x86_64-linux-gnu/qt5/QtWidgets -isystem /usr/include/x86_64-linux-gnu/qt5/QtGui -isystem /usr/include/x86_64-linux-gnu/qt5/QtCore -isystem /usr/lib/x86_64-linux-gnu/qt5/mkspecs/linux-g++ -isystem /opt/ros/humble/include/rclcpp -isystem /opt/ros/humble/include/sensor_msgs -isystem /opt/ros/humble/include/std_msgs -isystem /opt/ros/humble/include/cv_bridge -isystem /usr/include/opencv4 -isystem /opt/ros/humble/include/ament_index_cpp -isystem /opt/ros/humble/include/libstatistics_collector -isystem /opt/ros/humble/include/builtin_interfaces -isystem /opt/ros/humble/include/rosidl_runtime_c -isystem /opt/ros/humble/include/rcutils -isystem /opt/ros/humble/include/rosidl_typesupport_interface -isystem /opt/ros/humble/include/fastcdr -isystem /opt/ros/humble/include/rosidl_runtime_cpp -isystem /opt/ros/humble/include/rosidl_typesupport_fastrtps_cpp -isystem /opt/ros/humble/include/rmw -isystem /opt/ros/humble/include/rosidl_typesupport_fastrtps_c -isystem /opt/ros/humble/include/rosidl_typesupport_introspection_c -isystem /opt/ros/humble/include/rosidl_typesupport_introspection_cpp -isystem /opt/ros/humble/include/rcl -isystem /opt/ros/humble/include/rcl_interfaces -isystem /opt/ros/humble/include/rcl_logging_interface -isystem /opt/ros/humble/include/rcl_yaml_param_parser -isystem /opt/ros/humble/include/libyaml_vendor -isystem /opt/ros/humble/include/tracetools -isystem /opt/ros/humble/include/rcpputils -isystem /opt/ros/humble/include/statistics_msgs -isystem /opt/ros/humble/include/rosgraph_msgs -isystem /opt/ros/humble/include/rosidl_typesupport_cpp -isystem /opt/ros/humble/include/rosidl_typesupport_c -isystem /opt/ros/humble/include/geometry_msgs -Wall -Wextra -Wpedantic -fPIC -MD -MT CMakeFiles/qt_image_text_transfer.dir/src/main.cpp.o -MF CMakeFiles/qt_image_text_transfer.dir/src/main.cpp.o.d -o CMakeFiles/qt_image_text_transfer.dir/src/main.cpp.o -c /data/qt_image_text_transfer/src/main.cpp
[5.113s] In file included from /data/qt_image_text_transfer/src/main.cpp:3:
[5.114s] /data/qt_image_text_transfer/include/qt_image_text_transfer/server_window.h:16:10: fatal error: QCamera: No such file or directory
[5.114s]    16 | #include <QCamera>
[5.114s]       |          ^~~~~~~~~
[5.115s] compilation terminated.
[8.632s] [5/8] Building CXX object CMakeFiles/qt_image_text_transfer.dir/src/client_window.cpp.o
[8.633s] FAILED: CMakeFiles/qt_image_text_transfer.dir/src/client_window.cpp.o 
[8.635s] /usr/bin/c++ -DDEFAULT_RMW_IMPLEMENTATION=rmw_fastrtps_cpp -DQT_CORE_LIB -DQT_GUI_LIB -DQT_NO_DEBUG -DQT_WIDGETS_LIB -DRCUTILS_ENABLE_FAULT_INJECTION -I/data/build/qt_image_text_transfer/qt_image_text_transfer_autogen/include -I/data/qt_image_text_transfer/include -isystem /usr/include/x86_64-linux-gnu/qt5 -isystem /usr/include/x86_64-linux-gnu/qt5/QtWidgets -isystem /usr/include/x86_64-linux-gnu/qt5/QtGui -isystem /usr/include/x86_64-linux-gnu/qt5/QtCore -isystem /usr/lib/x86_64-linux-gnu/qt5/mkspecs/linux-g++ -isystem /opt/ros/humble/include/rclcpp -isystem /opt/ros/humble/include/sensor_msgs -isystem /opt/ros/humble/include/std_msgs -isystem /opt/ros/humble/include/cv_bridge -isystem /usr/include/opencv4 -isystem /opt/ros/humble/include/ament_index_cpp -isystem /opt/ros/humble/include/libstatistics_collector -isystem /opt/ros/humble/include/builtin_interfaces -isystem /opt/ros/humble/include/rosidl_runtime_c -isystem /opt/ros/humble/include/rcutils -isystem /opt/ros/humble/include/rosidl_typesupport_interface -isystem /opt/ros/humble/include/fastcdr -isystem /opt/ros/humble/include/rosidl_runtime_cpp -isystem /opt/ros/humble/include/rosidl_typesupport_fastrtps_cpp -isystem /opt/ros/humble/include/rmw -isystem /opt/ros/humble/include/rosidl_typesupport_fastrtps_c -isystem /opt/ros/humble/include/rosidl_typesupport_introspection_c -isystem /opt/ros/humble/include/rosidl_typesupport_introspection_cpp -isystem /opt/ros/humble/include/rcl -isystem /opt/ros/humble/include/rcl_interfaces -isystem /opt/ros/humble/include/rcl_logging_interface -isystem /opt/ros/humble/include/rcl_yaml_param_parser -isystem /opt/ros/humble/include/libyaml_vendor -isystem /opt/ros/humble/include/tracetools -isystem /opt/ros/humble/include/rcpputils -isystem /opt/ros/humble/include/statistics_msgs -isystem /opt/ros/humble/include/rosgraph_msgs -isystem /opt/ros/humble/include/rosidl_typesupport_cpp -isystem /opt/ros/humble/include/rosidl_typesupport_c -isystem /opt/ros/humble/include/geometry_msgs -Wall -Wextra -Wpedantic -fPIC -MD -MT CMakeFiles/qt_image_text_transfer.dir/src/client_window.cpp.o -MF CMakeFiles/qt_image_text_transfer.dir/src/client_window.cpp.o.d -o CMakeFiles/qt_image_text_transfer.dir/src/client_window.cpp.o -c /data/qt_image_text_transfer/src/client_window.cpp
[8.636s] /data/qt_image_text_transfer/src/client_window.cpp: In member function ‘void qt_image_text_transfer::ClientWindow::addTextMessage(const QString&)’:
[8.637s] /data/qt_image_text_transfer/src/client_window.cpp:106:36: error: invalid use of incomplete type ‘class QScrollBar’
[8.638s]   106 |   text_scroll_->verticalScrollBar()->setValue(
[8.639s]       |                                    ^~
[8.641s] In file included from /usr/include/x86_64-linux-gnu/qt5/QtWidgets/qscrollarea.h:44,
[8.642s]                  from /usr/include/x86_64-linux-gnu/qt5/QtWidgets/QScrollArea:1,
[8.643s]                  from /data/qt_image_text_transfer/include/qt_image_text_transfer/client_window.h:9,
[8.644s]                  from /data/qt_image_text_transfer/src/client_window.cpp:1:
[8.645s] /usr/include/x86_64-linux-gnu/qt5/QtWidgets/qabstractscrollarea.h:52:7: note: forward declaration of ‘class QScrollBar’
[8.646s]    52 | class QScrollBar;
[8.647s]       |       ^~~~~~~~~~
[8.647s] /data/qt_image_text_transfer/src/client_window.cpp:107:38: error: invalid use of incomplete type ‘class QScrollBar’
[8.648s]   107 |     text_scroll_->verticalScrollBar()->maximum());
[8.649s]       |                                      ^~
[8.650s] In file included from /usr/include/x86_64-linux-gnu/qt5/QtWidgets/qscrollarea.h:44,
[8.651s]                  from /usr/include/x86_64-linux-gnu/qt5/QtWidgets/QScrollArea:1,
[8.651s]                  from /data/qt_image_text_transfer/include/qt_image_text_transfer/client_window.h:9,
[8.652s]                  from /data/qt_image_text_transfer/src/client_window.cpp:1:
[8.652s] /usr/include/x86_64-linux-gnu/qt5/QtWidgets/qabstractscrollarea.h:52:7: note: forward declaration of ‘class QScrollBar’
[8.653s]    52 | class QScrollBar;
[8.653s]       |       ^~~~~~~~~~
[9.888s] [6/8] Building CXX object CMakeFiles/qt_image_text_transfer.dir/src/server_node.cpp.o
[14.563s] [7/8] Building CXX object CMakeFiles/qt_image_text_transfer.dir/src/client_node.cpp.o
[14.568s] ninja: build stopped: subcommand failed.
[14.570s] Invoked command in '/data/build/qt_image_text_transfer' returned '1': CMAKE_PREFIX_PATH=/opt/ros/humble /usr/bin/cmake --build /data/build/qt_image_text_transfer -- -j32 -l32
