
[0/6] Automatic MOC and UIC for target qt_image_text_transfer[K
[1/6] Automatic MOC and UIC for target qt_image_text_transfer[K
[1/5] Building CXX object CMakeFiles/qt_image_text_transfer.dir/src/server_window.cpp.o[K
[1/5] Building CXX object CMakeFiles/qt_image_text_transfer.dir/src/client_window.cpp.o[K
[1/5] Building CXX object CMakeFiles/qt_image_text_transfer.dir/src/server_node.cpp.o[K
[2/5] Building CXX object CMakeFiles/qt_image_text_transfer.dir/src/client_window.cpp.o[K
[3/5] Building CXX object CMakeFiles/qt_image_text_transfer.dir/src/server_window.cpp.o[K
[4/5] Building CXX object CMakeFiles/qt_image_text_transfer.dir/src/server_node.cpp.o[K
[4/5] Linking CXX executable qt_image_text_transfer[K
[5/5] Linking CXX executable qt_image_text_transfer[K
-- Install configuration: ""
-- Installing: /data/install/qt_image_text_transfer/lib/qt_image_text_transfer/qt_image_text_transfer
-- Set runtime path of "/data/install/qt_image_text_transfer/lib/qt_image_text_transfer/qt_image_text_transfer" to ""
-- Up-to-date: /data/install/qt_image_text_transfer/share/qt_image_text_transfer/launch
-- Up-to-date: /data/install/qt_image_text_transfer/share/qt_image_text_transfer/launch/image_text_transfer.launch.py
-- Up-to-date: /data/install/qt_image_text_transfer/share/ament_index/resource_index/package_run_dependencies/qt_image_text_transfer
-- Up-to-date: /data/install/qt_image_text_transfer/share/ament_index/resource_index/parent_prefix_path/qt_image_text_transfer
-- Up-to-date: /data/install/qt_image_text_transfer/share/qt_image_text_transfer/environment/ament_prefix_path.sh
-- Up-to-date: /data/install/qt_image_text_transfer/share/qt_image_text_transfer/environment/ament_prefix_path.dsv
-- Up-to-date: /data/install/qt_image_text_transfer/share/qt_image_text_transfer/environment/path.sh
-- Up-to-date: /data/install/qt_image_text_transfer/share/qt_image_text_transfer/environment/path.dsv
-- Up-to-date: /data/install/qt_image_text_transfer/share/qt_image_text_transfer/local_setup.bash
-- Up-to-date: /data/install/qt_image_text_transfer/share/qt_image_text_transfer/local_setup.sh
-- Up-to-date: /data/install/qt_image_text_transfer/share/qt_image_text_transfer/local_setup.zsh
-- Up-to-date: /data/install/qt_image_text_transfer/share/qt_image_text_transfer/local_setup.dsv
-- Installing: /data/install/qt_image_text_transfer/share/qt_image_text_transfer/package.dsv
-- Up-to-date: /data/install/qt_image_text_transfer/share/ament_index/resource_index/packages/qt_image_text_transfer
-- Up-to-date: /data/install/qt_image_text_transfer/share/qt_image_text_transfer/cmake/qt_image_text_transferConfig.cmake
-- Up-to-date: /data/install/qt_image_text_transfer/share/qt_image_text_transfer/cmake/qt_image_text_transferConfig-version.cmake
-- Up-to-date: /data/install/qt_image_text_transfer/share/qt_image_text_transfer/package.xml
